<?xml version="1.0" encoding="UTF-8"?>
<testng-results ignored="0" total="35" passed="33" failed="2" skipped="0">
  <reporter-output>
  </reporter-output>
  <suite started-at="2022-01-19T10:54:23 IST" name="Default suite" finished-at="2022-01-19T10:56:05 IST" duration-ms="101462">
    <groups>
    </groups>
    <test started-at="2022-01-19T10:54:23 IST" name="Default test" finished-at="2022-01-19T10:56:05 IST" duration-ms="101462">
      <class name="com.psl.OpenCart.Tests.MainTestcasesFinal">
        <test-method is-config="true" signature="startTest()[pri:0, instance:com.psl.OpenCart.Tests.MainTestcasesFinal@119f1f2a]" started-at="2022-01-19T10:54:23 IST" name="startTest" finished-at="2022-01-19T10:54:24 IST" duration-ms="408" status="PASS">
          <reporter-output>
          </reporter-output>
        </test-method> <!-- startTest -->
        <test-method signature="driverSetup()[pri:1, instance:com.psl.OpenCart.Tests.MainTestcasesFinal@119f1f2a]" started-at="2022-01-19T10:54:24 IST" name="driverSetup" finished-at="2022-01-19T10:54:29 IST" duration-ms="5289" status="PASS">
          <reporter-output>
          </reporter-output>
        </test-method> <!-- driverSetup -->
        <test-method signature="testRegisterPager()[pri:2, instance:com.psl.OpenCart.Tests.MainTestcasesFinal@119f1f2a]" started-at="2022-01-19T10:54:29 IST" name="testRegisterPager" finished-at="2022-01-19T10:54:33 IST" duration-ms="3711" status="PASS">
          <reporter-output>
          </reporter-output>
        </test-method> <!-- testRegisterPager -->
        <test-method signature="testFirstname()[pri:3, instance:com.psl.OpenCart.Tests.MainTestcasesFinal@119f1f2a]" started-at="2022-01-19T10:54:33 IST" name="testFirstname" finished-at="2022-01-19T10:54:33 IST" duration-ms="201" status="PASS">
          <reporter-output>
          </reporter-output>
        </test-method> <!-- testFirstname -->
        <test-method signature="testLastname()[pri:4, instance:com.psl.OpenCart.Tests.MainTestcasesFinal@119f1f2a]" started-at="2022-01-19T10:54:33 IST" name="testLastname" finished-at="2022-01-19T10:54:33 IST" duration-ms="90" status="PASS">
          <reporter-output>
          </reporter-output>
        </test-method> <!-- testLastname -->
        <test-method signature="testEmail()[pri:5, instance:com.psl.OpenCart.Tests.MainTestcasesFinal@119f1f2a]" started-at="2022-01-19T10:54:33 IST" name="testEmail" finished-at="2022-01-19T10:54:33 IST" duration-ms="102" status="PASS">
          <reporter-output>
          </reporter-output>
        </test-method> <!-- testEmail -->
        <test-method signature="testTelephone()[pri:6, instance:com.psl.OpenCart.Tests.MainTestcasesFinal@119f1f2a]" started-at="2022-01-19T10:54:33 IST" name="testTelephone" finished-at="2022-01-19T10:54:33 IST" duration-ms="147" status="PASS">
          <reporter-output>
          </reporter-output>
        </test-method> <!-- testTelephone -->
        <test-method signature="testPassword()[pri:7, instance:com.psl.OpenCart.Tests.MainTestcasesFinal@119f1f2a]" started-at="2022-01-19T10:54:33 IST" name="testPassword" finished-at="2022-01-19T10:54:33 IST" duration-ms="86" status="PASS">
          <reporter-output>
          </reporter-output>
        </test-method> <!-- testPassword -->
        <test-method signature="testConfirmPassword()[pri:8, instance:com.psl.OpenCart.Tests.MainTestcasesFinal@119f1f2a]" started-at="2022-01-19T10:54:33 IST" name="testConfirmPassword" finished-at="2022-01-19T10:54:33 IST" duration-ms="88" status="PASS">
          <reporter-output>
          </reporter-output>
        </test-method> <!-- testConfirmPassword -->
        <test-method signature="selectNewsletterTest()[pri:9, instance:com.psl.OpenCart.Tests.MainTestcasesFinal@119f1f2a]" started-at="2022-01-19T10:54:33 IST" name="selectNewsletterTest" finished-at="2022-01-19T10:54:34 IST" duration-ms="63" status="PASS">
          <reporter-output>
          </reporter-output>
        </test-method> <!-- selectNewsletterTest -->
        <test-method signature="agreeTest()[pri:10, instance:com.psl.OpenCart.Tests.MainTestcasesFinal@119f1f2a]" started-at="2022-01-19T10:54:34 IST" name="agreeTest" finished-at="2022-01-19T10:54:34 IST" duration-ms="100" status="PASS">
          <reporter-output>
          </reporter-output>
        </test-method> <!-- agreeTest -->
        <test-method signature="continueTest()[pri:11, instance:com.psl.OpenCart.Tests.MainTestcasesFinal@119f1f2a]" started-at="2022-01-19T10:54:34 IST" name="continueTest" finished-at="2022-01-19T10:54:37 IST" duration-ms="3407" status="PASS">
          <reporter-output>
          </reporter-output>
        </test-method> <!-- continueTest -->
        <test-method signature="createdTest()[pri:12, instance:com.psl.OpenCart.Tests.MainTestcasesFinal@119f1f2a]" started-at="2022-01-19T10:54:37 IST" name="createdTest" finished-at="2022-01-19T10:54:37 IST" duration-ms="13" status="FAIL">
          <exception class="java.lang.AssertionError">
            <message>
              <![CDATA[expected [Register Account] but found [Your Account Has Been Created!]]]>
            </message>
            <full-stacktrace>
              <![CDATA[java.lang.AssertionError: expected [Register Account] but found [Your Account Has Been Created!]
at org.testng.Assert.fail(Assert.java:99)
at org.testng.Assert.failNotEquals(Assert.java:1037)
at org.testng.Assert.assertEqualsImpl(Assert.java:140)
at org.testng.Assert.assertEquals(Assert.java:122)
at org.testng.Assert.assertEquals(Assert.java:629)
at org.testng.Assert.assertEquals(Assert.java:639)
at com.psl.OpenCart.Tests.MainTestcasesFinal.createdTest(MainTestcasesFinal.java:174)
at java.base/jdk.internal.reflect.NativeMethodAccessorImpl.invoke0(Native Method)
at java.base/jdk.internal.reflect.NativeMethodAccessorImpl.invoke(NativeMethodAccessorImpl.java:77)
at java.base/jdk.internal.reflect.DelegatingMethodAccessorImpl.invoke(DelegatingMethodAccessorImpl.java:43)
at java.base/java.lang.reflect.Method.invoke(Method.java:568)
at org.testng.internal.MethodInvocationHelper.invokeMethod(MethodInvocationHelper.java:133)
at org.testng.internal.TestInvoker.invokeMethod(TestInvoker.java:598)
at org.testng.internal.TestInvoker.invokeTestMethod(TestInvoker.java:173)
at org.testng.internal.MethodRunner.runInSequence(MethodRunner.java:46)
at org.testng.internal.TestInvoker$MethodInvocationAgent.invoke(TestInvoker.java:824)
at org.testng.internal.TestInvoker.invokeTestMethods(TestInvoker.java:146)
at org.testng.internal.TestMethodWorker.invokeTestMethods(TestMethodWorker.java:146)
at org.testng.internal.TestMethodWorker.run(TestMethodWorker.java:128)
at java.base/java.util.ArrayList.forEach(ArrayList.java:1511)
at org.testng.TestRunner.privateRun(TestRunner.java:794)
at org.testng.TestRunner.run(TestRunner.java:596)
at org.testng.SuiteRunner.runTest(SuiteRunner.java:377)
at org.testng.SuiteRunner.runSequentially(SuiteRunner.java:371)
at org.testng.SuiteRunner.privateRun(SuiteRunner.java:332)
at org.testng.SuiteRunner.run(SuiteRunner.java:276)
at org.testng.SuiteRunnerWorker.runSuite(SuiteRunnerWorker.java:53)
at org.testng.SuiteRunnerWorker.run(SuiteRunnerWorker.java:96)
at org.testng.TestNG.runSuitesSequentially(TestNG.java:1212)
at org.testng.TestNG.runSuitesLocally(TestNG.java:1134)
at org.testng.TestNG.runSuites(TestNG.java:1063)
at org.testng.TestNG.run(TestNG.java:1031)
at org.testng.remote.AbstractRemoteTestNG.run(AbstractRemoteTestNG.java:115)
at org.testng.remote.RemoteTestNG.initAndRun(RemoteTestNG.java:251)
at org.testng.remote.RemoteTestNG.main(RemoteTestNG.java:77)
]]>
            </full-stacktrace>
          </exception> <!-- java.lang.AssertionError -->
          <reporter-output>
          </reporter-output>
        </test-method> <!-- createdTest -->
        <test-method signature="InvalidCredentials()[pri:13, instance:com.psl.OpenCart.Tests.MainTestcasesFinal@119f1f2a]" started-at="2022-01-19T10:54:37 IST" name="InvalidCredentials" finished-at="2022-01-19T10:54:43 IST" duration-ms="5651" status="PASS">
          <reporter-output>
          </reporter-output>
        </test-method> <!-- InvalidCredentials -->
        <test-method signature="LoginwithBlankField()[pri:14, instance:com.psl.OpenCart.Tests.MainTestcasesFinal@119f1f2a]" started-at="2022-01-19T10:54:43 IST" name="LoginwithBlankField" finished-at="2022-01-19T10:54:46 IST" duration-ms="2957" status="PASS">
          <reporter-output>
          </reporter-output>
        </test-method> <!-- LoginwithBlankField -->
        <test-method signature="ValidCredentials()[pri:15, instance:com.psl.OpenCart.Tests.MainTestcasesFinal@119f1f2a]" started-at="2022-01-19T10:54:46 IST" name="ValidCredentials" finished-at="2022-01-19T10:54:53 IST" duration-ms="7252" status="PASS">
          <reporter-output>
          </reporter-output>
        </test-method> <!-- ValidCredentials -->
        <test-method signature="viewMyOrders()[pri:16, instance:com.psl.OpenCart.Tests.MainTestcasesFinal@119f1f2a]" started-at="2022-01-19T10:54:53 IST" name="viewMyOrders" finished-at="2022-01-19T10:54:56 IST" duration-ms="3500" status="PASS">
          <reporter-output>
          </reporter-output>
        </test-method> <!-- viewMyOrders -->
        <test-method signature="viewDownloads()[pri:17, instance:com.psl.OpenCart.Tests.MainTestcasesFinal@119f1f2a]" started-at="2022-01-19T10:54:56 IST" name="viewDownloads" finished-at="2022-01-19T10:55:00 IST" duration-ms="3128" status="PASS">
          <reporter-output>
          </reporter-output>
        </test-method> <!-- viewDownloads -->
        <test-method signature="rewardPoints()[pri:18, instance:com.psl.OpenCart.Tests.MainTestcasesFinal@119f1f2a]" started-at="2022-01-19T10:55:00 IST" name="rewardPoints" finished-at="2022-01-19T10:55:03 IST" duration-ms="3407" status="PASS">
          <reporter-output>
          </reporter-output>
        </test-method> <!-- rewardPoints -->
        <test-method signature="returnRequest()[pri:19, instance:com.psl.OpenCart.Tests.MainTestcasesFinal@119f1f2a]" started-at="2022-01-19T10:55:03 IST" name="returnRequest" finished-at="2022-01-19T10:55:05 IST" duration-ms="1575" status="PASS">
          <reporter-output>
          </reporter-output>
        </test-method> <!-- returnRequest -->
        <test-method signature="SearchButtonClickable()[pri:20, instance:com.psl.OpenCart.Tests.MainTestcasesFinal@119f1f2a]" started-at="2022-01-19T10:55:05 IST" name="SearchButtonClickable" finished-at="2022-01-19T10:55:10 IST" duration-ms="5200" status="PASS">
          <reporter-output>
          </reporter-output>
        </test-method> <!-- SearchButtonClickable -->
        <test-method signature="CategoryIdSelected()[pri:21, instance:com.psl.OpenCart.Tests.MainTestcasesFinal@119f1f2a]" started-at="2022-01-19T10:55:10 IST" name="CategoryIdSelected" finished-at="2022-01-19T10:55:10 IST" duration-ms="354" status="PASS">
          <reporter-output>
          </reporter-output>
        </test-method> <!-- CategoryIdSelected -->
        <test-method signature="SubCategoryEnable()[pri:22, instance:com.psl.OpenCart.Tests.MainTestcasesFinal@119f1f2a]" started-at="2022-01-19T10:55:10 IST" name="SubCategoryEnable" finished-at="2022-01-19T10:55:15 IST" duration-ms="5210" status="PASS">
          <reporter-output>
          </reporter-output>
        </test-method> <!-- SubCategoryEnable -->
        <test-method signature="openDesktopModule()[pri:23, instance:com.psl.OpenCart.Tests.MainTestcasesFinal@119f1f2a]" started-at="2022-01-19T10:55:15 IST" name="openDesktopModule" finished-at="2022-01-19T10:55:18 IST" duration-ms="2668" status="PASS">
          <reporter-output>
          </reporter-output>
        </test-method> <!-- openDesktopModule -->
        <test-method signature="sortProductByPrice()[pri:24, instance:com.psl.OpenCart.Tests.MainTestcasesFinal@119f1f2a]" started-at="2022-01-19T10:55:18 IST" name="sortProductByPrice" finished-at="2022-01-19T10:55:20 IST" duration-ms="1867" status="PASS">
          <reporter-output>
          </reporter-output>
        </test-method> <!-- sortProductByPrice -->
        <test-method signature="ShowingByList()[pri:25, instance:com.psl.OpenCart.Tests.MainTestcasesFinal@119f1f2a]" started-at="2022-01-19T10:55:20 IST" name="ShowingByList" finished-at="2022-01-19T10:55:22 IST" duration-ms="2084" status="PASS">
          <reporter-output>
          </reporter-output>
        </test-method> <!-- ShowingByList -->
        <test-method signature="selectProduct()[pri:26, instance:com.psl.OpenCart.Tests.MainTestcasesFinal@119f1f2a]" started-at="2022-01-19T10:55:22 IST" name="selectProduct" finished-at="2022-01-19T10:55:28 IST" duration-ms="5666" status="PASS">
          <reporter-output>
          </reporter-output>
        </test-method> <!-- selectProduct -->
        <test-method signature="addToWishlist()[pri:27, instance:com.psl.OpenCart.Tests.MainTestcasesFinal@119f1f2a]" started-at="2022-01-19T10:55:28 IST" name="addToWishlist" finished-at="2022-01-19T10:55:28 IST" duration-ms="125" status="PASS">
          <reporter-output>
          </reporter-output>
        </test-method> <!-- addToWishlist -->
        <test-method signature="addToCart()[pri:28, instance:com.psl.OpenCart.Tests.MainTestcasesFinal@119f1f2a]" started-at="2022-01-19T10:55:28 IST" name="addToCart" finished-at="2022-01-19T10:55:28 IST" duration-ms="466" status="PASS">
          <reporter-output>
          </reporter-output>
        </test-method> <!-- addToCart -->
        <test-method signature="removeFromWishlist()[pri:29, instance:com.psl.OpenCart.Tests.MainTestcasesFinal@119f1f2a]" started-at="2022-01-19T10:55:28 IST" name="removeFromWishlist" finished-at="2022-01-19T10:55:31 IST" duration-ms="2981" status="PASS">
          <reporter-output>
          </reporter-output>
        </test-method> <!-- removeFromWishlist -->
        <test-method signature="Mp3FunctionButtonTest()[pri:30, instance:com.psl.OpenCart.Tests.MainTestcasesFinal@119f1f2a]" started-at="2022-01-19T10:55:31 IST" name="Mp3FunctionButtonTest" finished-at="2022-01-19T10:55:39 IST" duration-ms="7733" status="PASS">
          <reporter-output>
          </reporter-output>
        </test-method> <!-- Mp3FunctionButtonTest -->
        <test-method signature="verifyPhonesAndPDAsModuleInHomePage()[pri:31, instance:com.psl.OpenCart.Tests.MainTestcasesFinal@119f1f2a]" started-at="2022-01-19T10:55:39 IST" name="verifyPhonesAndPDAsModuleInHomePage" finished-at="2022-01-19T10:55:41 IST" duration-ms="2052" status="PASS">
          <reporter-output>
          </reporter-output>
        </test-method> <!-- verifyPhonesAndPDAsModuleInHomePage -->
        <test-method signature="verifyPhonesAndPDAsIsClickable()[pri:32, instance:com.psl.OpenCart.Tests.MainTestcasesFinal@119f1f2a]" started-at="2022-01-19T10:55:41 IST" name="verifyPhonesAndPDAsIsClickable" finished-at="2022-01-19T10:55:45 IST" duration-ms="3998" status="PASS">
          <reporter-output>
          </reporter-output>
        </test-method> <!-- verifyPhonesAndPDAsIsClickable -->
        <test-method signature="addingToCart()[pri:33, instance:com.psl.OpenCart.Tests.MainTestcasesFinal@119f1f2a]" started-at="2022-01-19T10:55:45 IST" name="addingToCart" finished-at="2022-01-19T10:56:02 IST" duration-ms="17022" status="PASS">
          <reporter-output>
          </reporter-output>
        </test-method> <!-- addingToCart -->
        <test-method signature="checkout()[pri:34, instance:com.psl.OpenCart.Tests.MainTestcasesFinal@119f1f2a]" started-at="2022-01-19T10:56:02 IST" name="checkout" finished-at="2022-01-19T10:56:02 IST" duration-ms="47" status="FAIL">
          <exception class="org.openqa.selenium.InvalidSelectorException">
            <message>
              <![CDATA[invalid selector: Unable to locate an element with the xpath expression //*[@id=\"top-links\"]/ul/li[5]/a/span because of the following error:
SyntaxError: Failed to execute 'evaluate' on 'Document': The string '//*[@id=\"top-links\"]/ul/li[5]/a/span' is not a valid XPath expression.
  (Session info: chrome=97.0.4692.71)
For documentation on this error, please visit: https://www.seleniumhq.org/exceptions/invalid_selector_exception.html
Build info: version: '3.141.59', revision: 'e82be7d358', time: '2018-11-14T08:17:03'
System info: host: 'ARPGL007193', ip: '192.168.0.102', os.name: 'Windows 10', os.arch: 'amd64', os.version: '10.0', java.version: '17.0.1'
Driver info: org.openqa.selenium.chrome.ChromeDriver
Capabilities {acceptInsecureCerts: false, browserName: chrome, browserVersion: 97.0.4692.71, chrome: {chromedriverVersion: 97.0.4692.71 (adefa7837d02a..., userDataDir: C:\Users\TEJAL_~1\AppData\L...}, goog:chromeOptions: {debuggerAddress: localhost:52250}, javascriptEnabled: true, networkConnectionEnabled: false, pageLoadStrategy: normal, platform: WINDOWS, platformName: WINDOWS, proxy: Proxy(), setWindowRect: true, strictFileInteractability: false, timeouts: {implicit: 0, pageLoad: 300000, script: 30000}, unhandledPromptBehavior: dismiss and notify, webauthn:extension:credBlob: true, webauthn:extension:largeBlob: true, webauthn:virtualAuthenticators: true}
Session ID: 600bf1116e5cb53e1ccf397a00d7b26c
*** Element info: {Using=xpath, value=//*[@id=\"top-links\"]/ul/li[5]/a/span}]]>
            </message>
            <full-stacktrace>
              <![CDATA[org.openqa.selenium.InvalidSelectorException: invalid selector: Unable to locate an element with the xpath expression //*[@id=\"top-links\"]/ul/li[5]/a/span because of the following error:
SyntaxError: Failed to execute 'evaluate' on 'Document': The string '//*[@id=\"top-links\"]/ul/li[5]/a/span' is not a valid XPath expression.
  (Session info: chrome=97.0.4692.71)
For documentation on this error, please visit: https://www.seleniumhq.org/exceptions/invalid_selector_exception.html
Build info: version: '3.141.59', revision: 'e82be7d358', time: '2018-11-14T08:17:03'
System info: host: 'ARPGL007193', ip: '192.168.0.102', os.name: 'Windows 10', os.arch: 'amd64', os.version: '10.0', java.version: '17.0.1'
Driver info: org.openqa.selenium.chrome.ChromeDriver
Capabilities {acceptInsecureCerts: false, browserName: chrome, browserVersion: 97.0.4692.71, chrome: {chromedriverVersion: 97.0.4692.71 (adefa7837d02a..., userDataDir: C:\Users\TEJAL_~1\AppData\L...}, goog:chromeOptions: {debuggerAddress: localhost:52250}, javascriptEnabled: true, networkConnectionEnabled: false, pageLoadStrategy: normal, platform: WINDOWS, platformName: WINDOWS, proxy: Proxy(), setWindowRect: true, strictFileInteractability: false, timeouts: {implicit: 0, pageLoad: 300000, script: 30000}, unhandledPromptBehavior: dismiss and notify, webauthn:extension:credBlob: true, webauthn:extension:largeBlob: true, webauthn:virtualAuthenticators: true}
Session ID: 600bf1116e5cb53e1ccf397a00d7b26c
*** Element info: {Using=xpath, value=//*[@id=\"top-links\"]/ul/li[5]/a/span}
at java.base/jdk.internal.reflect.NativeConstructorAccessorImpl.newInstance0(Native Method)
at java.base/jdk.internal.reflect.NativeConstructorAccessorImpl.newInstance(NativeConstructorAccessorImpl.java:77)
at java.base/jdk.internal.reflect.DelegatingConstructorAccessorImpl.newInstance(DelegatingConstructorAccessorImpl.java:45)
at java.base/java.lang.reflect.Constructor.newInstanceWithCaller(Constructor.java:499)
at java.base/java.lang.reflect.Constructor.newInstance(Constructor.java:480)
at org.openqa.selenium.remote.http.W3CHttpResponseCodec.createException(W3CHttpResponseCodec.java:187)
at org.openqa.selenium.remote.http.W3CHttpResponseCodec.decode(W3CHttpResponseCodec.java:122)
at org.openqa.selenium.remote.http.W3CHttpResponseCodec.decode(W3CHttpResponseCodec.java:49)
at org.openqa.selenium.remote.HttpCommandExecutor.execute(HttpCommandExecutor.java:158)
at org.openqa.selenium.remote.service.DriverCommandExecutor.execute(DriverCommandExecutor.java:83)
at org.openqa.selenium.remote.RemoteWebDriver.execute(RemoteWebDriver.java:552)
at org.openqa.selenium.remote.RemoteWebDriver.findElement(RemoteWebDriver.java:323)
at org.openqa.selenium.remote.RemoteWebDriver.findElementByXPath(RemoteWebDriver.java:428)
at org.openqa.selenium.By$ByXPath.findElement(By.java:353)
at org.openqa.selenium.remote.RemoteWebDriver.findElement(RemoteWebDriver.java:315)
at com.psl.OpenCart.Tests.MainTestcasesFinal.checkout(MainTestcasesFinal.java:524)
at java.base/jdk.internal.reflect.NativeMethodAccessorImpl.invoke0(Native Method)
at java.base/jdk.internal.reflect.NativeMethodAccessorImpl.invoke(NativeMethodAccessorImpl.java:77)
at java.base/jdk.internal.reflect.DelegatingMethodAccessorImpl.invoke(DelegatingMethodAccessorImpl.java:43)
at java.base/java.lang.reflect.Method.invoke(Method.java:568)
at org.testng.internal.MethodInvocationHelper.invokeMethod(MethodInvocationHelper.java:133)
at org.testng.internal.TestInvoker.invokeMethod(TestInvoker.java:598)
at org.testng.internal.TestInvoker.invokeTestMethod(TestInvoker.java:173)
at org.testng.internal.MethodRunner.runInSequence(MethodRunner.java:46)
at org.testng.internal.TestInvoker$MethodInvocationAgent.invoke(TestInvoker.java:824)
at org.testng.internal.TestInvoker.invokeTestMethods(TestInvoker.java:146)
at org.testng.internal.TestMethodWorker.invokeTestMethods(TestMethodWorker.java:146)
at org.testng.internal.TestMethodWorker.run(TestMethodWorker.java:128)
at java.base/java.util.ArrayList.forEach(ArrayList.java:1511)
at org.testng.TestRunner.privateRun(TestRunner.java:794)
at org.testng.TestRunner.run(TestRunner.java:596)
at org.testng.SuiteRunner.runTest(SuiteRunner.java:377)
at org.testng.SuiteRunner.runSequentially(SuiteRunner.java:371)
at org.testng.SuiteRunner.privateRun(SuiteRunner.java:332)
at org.testng.SuiteRunner.run(SuiteRunner.java:276)
at org.testng.SuiteRunnerWorker.runSuite(SuiteRunnerWorker.java:53)
at org.testng.SuiteRunnerWorker.run(SuiteRunnerWorker.java:96)
at org.testng.TestNG.runSuitesSequentially(TestNG.java:1212)
at org.testng.TestNG.runSuitesLocally(TestNG.java:1134)
at org.testng.TestNG.runSuites(TestNG.java:1063)
at org.testng.TestNG.run(TestNG.java:1031)
at org.testng.remote.AbstractRemoteTestNG.run(AbstractRemoteTestNG.java:115)
at org.testng.remote.RemoteTestNG.initAndRun(RemoteTestNG.java:251)
at org.testng.remote.RemoteTestNG.main(RemoteTestNG.java:77)
]]>
            </full-stacktrace>
          </exception> <!-- org.openqa.selenium.InvalidSelectorException -->
          <reporter-output>
          </reporter-output>
        </test-method> <!-- checkout -->
        <test-method signature="LogoutFunctionTest()[pri:35, instance:com.psl.OpenCart.Tests.MainTestcasesFinal@119f1f2a]" started-at="2022-01-19T10:56:02 IST" name="LogoutFunctionTest" finished-at="2022-01-19T10:56:04 IST" duration-ms="2120" status="PASS">
          <reporter-output>
          </reporter-output>
        </test-method> <!-- LogoutFunctionTest -->
        <test-method is-config="true" signature="endTest()[pri:0, instance:com.psl.OpenCart.Tests.MainTestcasesFinal@119f1f2a]" started-at="2022-01-19T10:56:04 IST" name="endTest" finished-at="2022-01-19T10:56:05 IST" duration-ms="580" status="PASS">
          <reporter-output>
          </reporter-output>
        </test-method> <!-- endTest -->
      </class> <!-- com.psl.OpenCart.Tests.MainTestcasesFinal -->
    </test> <!-- Default test -->
  </suite> <!-- Default suite -->
</testng-results>
