<?xml version="1.0" encoding="UTF-8"?>
<!-- Generated by org.testng.reporters.JUnitXMLReporter -->
<testsuite ignored="0" hostname="ARPGL007193" failures="1" tests="33" name="ChromeTest" time="62.16" errors="0" timestamp="2022-01-18T12:32:30 IST">
  <testcase classname="com.psl.OpenCart.Tests.MainTestcasesFinal" name="driverSetup" time="4.508"/>
  <testcase classname="com.psl.OpenCart.Tests.MainTestcasesFinal" name="InvalidCredentials" time="7.442"/>
  <testcase classname="com.psl.OpenCart.Tests.RegistrationPageTest" name="testBrowser" time="6.002"/>
  <testcase classname="com.psl.OpenCart.Tests.MainTestcasesFinal" name="LoginwithBlankField" time="2.535"/>
  <testcase classname="com.psl.OpenCart.Tests.RegistrationPageTest" name="testRegisterPager" time="1.55"/>
  <testcase classname="com.psl.OpenCart.Tests.MainTestcasesFinal" name="ValidCredentials" time="6.465"/>
  <testcase classname="com.psl.OpenCart.Tests.RegistrationPageTest" name="testFirstname" time="0.078"/>
  <testcase classname="com.psl.OpenCart.Tests.RegistrationPageTest" name="testLastname" time="0.072"/>
  <testcase classname="com.psl.OpenCart.Tests.MainTestcasesFinal" name="viewMyOrders" time="1.854"/>
  <testcase classname="com.psl.OpenCart.Tests.RegistrationPageTest" name="testEmail" time="0.077"/>
  <testcase classname="com.psl.OpenCart.Tests.MainTestcasesFinal" name="viewDownloads" time="1.521"/>
  <testcase classname="com.psl.OpenCart.Tests.MainTestcasesFinal" name="rewardPoints" time="1.8"/>
  <testcase classname="com.psl.OpenCart.Tests.RegistrationPageTest" name="testTelephone" time="0.119"/>
  <testcase classname="com.psl.OpenCart.Tests.MainTestcasesFinal" name="returnRequest" time="1.113"/>
  <testcase classname="com.psl.OpenCart.Tests.RegistrationPageTest" name="testPassword" time="0.094"/>
  <testcase classname="com.psl.OpenCart.Tests.MainTestcasesFinal" name="SearchButtonClickable" time="2.283"/>
  <testcase classname="com.psl.OpenCart.Tests.RegistrationPageTest" name="testConfirmPassword" time="0.07"/>
  <testcase classname="com.psl.OpenCart.Tests.MainTestcasesFinal" name="CategoryIdSelected" time="0.257"/>
  <testcase classname="com.psl.OpenCart.Tests.RegistrationPageTest" name="selectNewsletterTest" time="0.072"/>
  <testcase classname="com.psl.OpenCart.Tests.MainTestcasesFinal" name="SubCategoryEnable" time="2.222"/>
  <testcase classname="com.psl.OpenCart.Tests.RegistrationPageTest" name="agreeTest" time="0.063"/>
  <testcase classname="com.psl.OpenCart.Tests.RegistrationPageTest" name="continueTest" time="1.053"/>
  <testcase classname="com.psl.OpenCart.Tests.MainTestcasesFinal" name="openDesktopModule" time="1.18"/>
  <testcase classname="com.psl.OpenCart.Tests.RegistrationPageTest" name="closeDriver" time="0.107"/>
  <testcase classname="com.psl.OpenCart.Tests.RegistrationPageTest" name="createdTest" time="1.083">
    <failure type="org.openqa.selenium.NoSuchSessionException" message="invalid session id
Build info: version: &amp;apos;3.141.59&amp;apos;, revision: &amp;apos;e82be7d358&amp;apos;, time: &amp;apos;2018-11-14T08:17:03&amp;apos;
System info: host: &amp;apos;ARPGL007193&amp;apos;, ip: &amp;apos;192.168.0.102&amp;apos;, os.name: &amp;apos;Windows 10&amp;apos;, os.arch: &amp;apos;amd64&amp;apos;, os.version: &amp;apos;10.0&amp;apos;, java.version: &amp;apos;17.0.1&amp;apos;
Driver info: org.openqa.selenium.chrome.ChromeDriver
Capabilities {acceptInsecureCerts: false, browserName: chrome, browserVersion: 97.0.4692.71, chrome: {chromedriverVersion: 97.0.4692.71 (adefa7837d02a..., userDataDir: C:\Users\TEJAL_~1\AppData\L...}, goog:chromeOptions: {debuggerAddress: localhost:55122}, javascriptEnabled: true, networkConnectionEnabled: false, pageLoadStrategy: normal, platform: WINDOWS, platformName: WINDOWS, proxy: Proxy(), setWindowRect: true, strictFileInteractability: false, timeouts: {implicit: 0, pageLoad: 300000, script: 30000}, unhandledPromptBehavior: dismiss and notify, webauthn:extension:credBlob: true, webauthn:extension:largeBlob: true, webauthn:virtualAuthenticators: true}
Session ID: f49e5a430ac39153804958fb711e730f">
      <![CDATA[org.openqa.selenium.NoSuchSessionException: invalid session id
Build info: version: '3.141.59', revision: 'e82be7d358', time: '2018-11-14T08:17:03'
System info: host: 'ARPGL007193', ip: '192.168.0.102', os.name: 'Windows 10', os.arch: 'amd64', os.version: '10.0', java.version: '17.0.1'
Driver info: org.openqa.selenium.chrome.ChromeDriver
Capabilities {acceptInsecureCerts: false, browserName: chrome, browserVersion: 97.0.4692.71, chrome: {chromedriverVersion: 97.0.4692.71 (adefa7837d02a..., userDataDir: C:\Users\TEJAL_~1\AppData\L...}, goog:chromeOptions: {debuggerAddress: localhost:55122}, javascriptEnabled: true, networkConnectionEnabled: false, pageLoadStrategy: normal, platform: WINDOWS, platformName: WINDOWS, proxy: Proxy(), setWindowRect: true, strictFileInteractability: false, timeouts: {implicit: 0, pageLoad: 300000, script: 30000}, unhandledPromptBehavior: dismiss and notify, webauthn:extension:credBlob: true, webauthn:extension:largeBlob: true, webauthn:virtualAuthenticators: true}
Session ID: f49e5a430ac39153804958fb711e730f
at org.openqa.selenium.remote.http.W3CHttpResponseCodec.createException(W3CHttpResponseCodec.java:187)
at org.openqa.selenium.remote.http.W3CHttpResponseCodec.decode(W3CHttpResponseCodec.java:122)
at org.openqa.selenium.remote.http.W3CHttpResponseCodec.decode(W3CHttpResponseCodec.java:49)
at org.openqa.selenium.remote.HttpCommandExecutor.execute(HttpCommandExecutor.java:158)
at org.openqa.selenium.remote.service.DriverCommandExecutor.execute(DriverCommandExecutor.java:83)
at org.openqa.selenium.remote.RemoteWebDriver.execute(RemoteWebDriver.java:552)
at org.openqa.selenium.remote.RemoteWebDriver.execute(RemoteWebDriver.java:609)
at org.openqa.selenium.remote.RemoteWebDriver.getTitle(RemoteWebDriver.java:281)
at com.psl.OpenCart.Tests.RegistrationPageTest.createdTest(RegistrationPageTest.java:169)
at java.base/java.util.ArrayList.forEach(ArrayList.java:1511)
at java.base/java.util.concurrent.FutureTask.run(FutureTask.java:264)
at java.base/java.util.concurrent.ThreadPoolExecutor.runWorker(ThreadPoolExecutor.java:1136)
at java.base/java.util.concurrent.ThreadPoolExecutor$Worker.run(ThreadPoolExecutor.java:635)
at java.base/java.lang.Thread.run(Thread.java:833)
... Removed 23 stack frames]]>
    </failure>
  </testcase> <!-- createdTest -->
  <testcase classname="com.psl.OpenCart.Tests.MainTestcasesFinal" name="sortProductByPrice" time="1.152"/>
  <testcase classname="com.psl.OpenCart.Tests.MainTestcasesFinal" name="ShowingByList" time="2.059"/>
  <testcase classname="com.psl.OpenCart.Tests.MainTestcasesFinal" name="selectProduct" time="5.106"/>
  <testcase classname="com.psl.OpenCart.Tests.MainTestcasesFinal" name="addToWishlist" time="0.052"/>
  <testcase classname="com.psl.OpenCart.Tests.MainTestcasesFinal" name="addToCart" time="0.354"/>
  <testcase classname="com.psl.OpenCart.Tests.MainTestcasesFinal" name="removeFromWishlist" time="1.825"/>
  <testcase classname="com.psl.OpenCart.Tests.MainTestcasesFinal" name="Mp3FunctionButtonTest" time="5.572"/>
  <testcase classname="com.psl.OpenCart.Tests.MainTestcasesFinal" name="LogoutFunctionTest" time="1.34"/>
</testsuite> <!-- ChromeTest -->
