<html>
<head>
<title>TestNG:  ChromeTest</title>
<link href="../testng.css" rel="stylesheet" type="text/css" />
<link href="../my-testng.css" rel="stylesheet" type="text/css" />

<style type="text/css">
.log { display: none;} 
.stack-trace { display: none;} 
</style>
<script type="text/javascript">
<!--
function flip(e) {
  current = e.style.display;
  if (current == 'block') {
    e.style.display = 'none';
    return 0;
  }
  else {
    e.style.display = 'block';
    return 1;
  }
}

function toggleBox(szDivId, elem, msg1, msg2)
{
  var res = -1;  if (document.getElementById) {
    res = flip(document.getElementById(szDivId));
  }
  else if (document.all) {
    // this is the way old msie versions work
    res = flip(document.all[szDivId]);
  }
  if(elem) {
    if(res == 0) elem.innerHTML = msg1; else elem.innerHTML = msg2;
  }

}

function toggleAllBoxes() {
  if (document.getElementsByTagName) {
    d = document.getElementsByTagName('div');
    for (i = 0; i < d.length; i++) {
      if (d[i].className == 'log') {
        flip(d[i]);
      }
    }
  }
}

// -->
</script>

</head>
<body>
<h2 align='center'>ChromeTest</h2><table border='1' align="center">
<tr>
<td>Tests passed/Failed/Skipped:</td><td>32/1/0</td>
</tr><tr>
<td>Started on:</td><td>Tue Jan 18 12:31:28 IST 2022</td>
</tr>
<tr><td>Total time:</td><td>62 seconds (62160 ms)</td>
</tr><tr>
<td>Included groups:</td><td></td>
</tr><tr>
<td>Excluded groups:</td><td></td>
</tr>
</table><p/>
<small><i>(Hover the method name to see the test class name)</i></small><p/>
<table width='100%' border='1' class='invocation-failed'>
<tr><td colspan='4' align='center'><b>FAILED TESTS</b></td></tr>
<tr><td><b>Test method</b></td>
<td width="30%"><b>Exception</b></td>
<td width="10%"><b>Time (seconds)</b></td>
<td><b>Instance</b></td>
</tr>
<tr>
<td title='com.psl.OpenCart.Tests.RegistrationPageTest.createdTest()'><b>createdTest</b><br>Test class: com.psl.OpenCart.Tests.RegistrationPageTest</td>
<td><div><pre>org.openqa.selenium.NoSuchSessionException: invalid session id
Build info: version: &apos;3.141.59&apos;, revision: &apos;e82be7d358&apos;, time: &apos;2018-11-14T08:17:03&apos;
System info: host: &apos;ARPGL007193&apos;, ip: &apos;192.168.0.102&apos;, os.name: &apos;Windows 10&apos;, os.arch: &apos;amd64&apos;, os.version: &apos;10.0&apos;, java.version: &apos;17.0.1&apos;
Driver info: org.openqa.selenium.chrome.ChromeDriver
Capabilities {acceptInsecureCerts: false, browserName: chrome, browserVersion: 97.0.4692.71, chrome: {chromedriverVersion: 97.0.4692.71 (adefa7837d02a..., userDataDir: C:\Users\TEJAL_~1\AppData\L...}, goog:chromeOptions: {debuggerAddress: localhost:55122}, javascriptEnabled: true, networkConnectionEnabled: false, pageLoadStrategy: normal, platform: WINDOWS, platformName: WINDOWS, proxy: Proxy(), setWindowRect: true, strictFileInteractability: false, timeouts: {implicit: 0, pageLoad: 300000, script: 30000}, unhandledPromptBehavior: dismiss and notify, webauthn:extension:credBlob: true, webauthn:extension:largeBlob: true, webauthn:virtualAuthenticators: true}
Session ID: f49e5a430ac39153804958fb711e730f
	at org.openqa.selenium.remote.http.W3CHttpResponseCodec.createException(W3CHttpResponseCodec.java:187)
	at org.openqa.selenium.remote.http.W3CHttpResponseCodec.decode(W3CHttpResponseCodec.java:122)
	at org.openqa.selenium.remote.http.W3CHttpResponseCodec.decode(W3CHttpResponseCodec.java:49)
	at org.openqa.selenium.remote.HttpCommandExecutor.execute(HttpCommandExecutor.java:158)
	at org.openqa.selenium.remote.service.DriverCommandExecutor.execute(DriverCommandExecutor.java:83)
	at org.openqa.selenium.remote.RemoteWebDriver.execute(RemoteWebDriver.java:552)
	at org.openqa.selenium.remote.RemoteWebDriver.execute(RemoteWebDriver.java:609)
	at org.openqa.selenium.remote.RemoteWebDriver.getTitle(RemoteWebDriver.java:281)
	at com.psl.OpenCart.Tests.RegistrationPageTest.createdTest(RegistrationPageTest.java:169)
	at java.base/java.util.ArrayList.forEach(ArrayList.java:1511)
	at java.base/java.util.concurrent.FutureTask.run(FutureTask.java:264)
	at java.base/java.util.concurrent.ThreadPoolExecutor.runWorker(ThreadPoolExecutor.java:1136)
	at java.base/java.util.concurrent.ThreadPoolExecutor$Worker.run(ThreadPoolExecutor.java:635)
	at java.base/java.lang.Thread.run(Thread.java:833)
... Removed 23 stack frames</pre></div><a href='#' onClick='toggleBox("stack-trace24107740", this, "Click to show all stack frames", "Click to hide stack frames")'>Click to show all stack frames</a>
<div class='stack-trace' id='stack-trace24107740'><pre>org.openqa.selenium.NoSuchSessionException: invalid session id
Build info: version: &apos;3.141.59&apos;, revision: &apos;e82be7d358&apos;, time: &apos;2018-11-14T08:17:03&apos;
System info: host: &apos;ARPGL007193&apos;, ip: &apos;192.168.0.102&apos;, os.name: &apos;Windows 10&apos;, os.arch: &apos;amd64&apos;, os.version: &apos;10.0&apos;, java.version: &apos;17.0.1&apos;
Driver info: org.openqa.selenium.chrome.ChromeDriver
Capabilities {acceptInsecureCerts: false, browserName: chrome, browserVersion: 97.0.4692.71, chrome: {chromedriverVersion: 97.0.4692.71 (adefa7837d02a..., userDataDir: C:\Users\TEJAL_~1\AppData\L...}, goog:chromeOptions: {debuggerAddress: localhost:55122}, javascriptEnabled: true, networkConnectionEnabled: false, pageLoadStrategy: normal, platform: WINDOWS, platformName: WINDOWS, proxy: Proxy(), setWindowRect: true, strictFileInteractability: false, timeouts: {implicit: 0, pageLoad: 300000, script: 30000}, unhandledPromptBehavior: dismiss and notify, webauthn:extension:credBlob: true, webauthn:extension:largeBlob: true, webauthn:virtualAuthenticators: true}
Session ID: f49e5a430ac39153804958fb711e730f
	at java.base/jdk.internal.reflect.NativeConstructorAccessorImpl.newInstance0(Native Method)
	at java.base/jdk.internal.reflect.NativeConstructorAccessorImpl.newInstance(NativeConstructorAccessorImpl.java:77)
	at java.base/jdk.internal.reflect.DelegatingConstructorAccessorImpl.newInstance(DelegatingConstructorAccessorImpl.java:45)
	at java.base/java.lang.reflect.Constructor.newInstanceWithCaller(Constructor.java:499)
	at java.base/java.lang.reflect.Constructor.newInstance(Constructor.java:480)
	at org.openqa.selenium.remote.http.W3CHttpResponseCodec.createException(W3CHttpResponseCodec.java:187)
	at org.openqa.selenium.remote.http.W3CHttpResponseCodec.decode(W3CHttpResponseCodec.java:122)
	at org.openqa.selenium.remote.http.W3CHttpResponseCodec.decode(W3CHttpResponseCodec.java:49)
	at org.openqa.selenium.remote.HttpCommandExecutor.execute(HttpCommandExecutor.java:158)
	at org.openqa.selenium.remote.service.DriverCommandExecutor.execute(DriverCommandExecutor.java:83)
	at org.openqa.selenium.remote.RemoteWebDriver.execute(RemoteWebDriver.java:552)
	at org.openqa.selenium.remote.RemoteWebDriver.execute(RemoteWebDriver.java:609)
	at org.openqa.selenium.remote.RemoteWebDriver.getTitle(RemoteWebDriver.java:281)
	at com.psl.OpenCart.Tests.RegistrationPageTest.createdTest(RegistrationPageTest.java:169)
	at java.base/jdk.internal.reflect.NativeMethodAccessorImpl.invoke0(Native Method)
	at java.base/jdk.internal.reflect.NativeMethodAccessorImpl.invoke(NativeMethodAccessorImpl.java:77)
	at java.base/jdk.internal.reflect.DelegatingMethodAccessorImpl.invoke(DelegatingMethodAccessorImpl.java:43)
	at java.base/java.lang.reflect.Method.invoke(Method.java:568)
	at org.testng.internal.MethodInvocationHelper.invokeMethod(MethodInvocationHelper.java:133)
	at org.testng.internal.TestInvoker.invokeMethod(TestInvoker.java:598)
	at org.testng.internal.TestInvoker.invokeTestMethod(TestInvoker.java:173)
	at org.testng.internal.MethodRunner.runInSequence(MethodRunner.java:46)
	at org.testng.internal.TestInvoker$MethodInvocationAgent.invoke(TestInvoker.java:824)
	at org.testng.internal.TestInvoker.invokeTestMethods(TestInvoker.java:146)
	at org.testng.internal.TestMethodWorker.invokeTestMethods(TestMethodWorker.java:146)
	at org.testng.internal.TestMethodWorker.run(TestMethodWorker.java:128)
	at java.base/java.util.ArrayList.forEach(ArrayList.java:1511)
	at org.testng.TestRunner.privateRun(TestRunner.java:794)
	at org.testng.TestRunner.run(TestRunner.java:596)
	at org.testng.SuiteRunner.runTest(SuiteRunner.java:377)
	at org.testng.SuiteRunner.access$000(SuiteRunner.java:28)
	at org.testng.SuiteRunner$SuiteWorker.run(SuiteRunner.java:418)
	at org.testng.internal.thread.ThreadUtil.lambda$execute$0(ThreadUtil.java:64)
	at java.base/java.util.concurrent.FutureTask.run(FutureTask.java:264)
	at java.base/java.util.concurrent.ThreadPoolExecutor.runWorker(ThreadPoolExecutor.java:1136)
	at java.base/java.util.concurrent.ThreadPoolExecutor$Worker.run(ThreadPoolExecutor.java:635)
	at java.base/java.lang.Thread.run(Thread.java:833)
</pre></div></td>
<td>1</td>
<td>com.psl.OpenCart.Tests.RegistrationPageTest@5cc126dc</td></tr>
</table><p>
<table width='100%' border='1' class='invocation-passed'>
<tr><td colspan='4' align='center'><b>PASSED TESTS</b></td></tr>
<tr><td><b>Test method</b></td>
<td width="30%"><b>Exception</b></td>
<td width="10%"><b>Time (seconds)</b></td>
<td><b>Instance</b></td>
</tr>
<tr>
<td title='com.psl.OpenCart.Tests.MainTestcasesFinal.selectProduct()'><b>selectProduct</b><br>Test class: com.psl.OpenCart.Tests.MainTestcasesFinal</td>
<td></td>
<td>5</td>
<td>com.psl.OpenCart.Tests.MainTestcasesFinal@55795845</td></tr>
<tr>
<td title='com.psl.OpenCart.Tests.MainTestcasesFinal.addToCart()'><b>addToCart</b><br>Test class: com.psl.OpenCart.Tests.MainTestcasesFinal</td>
<td></td>
<td>0</td>
<td>com.psl.OpenCart.Tests.MainTestcasesFinal@55795845</td></tr>
<tr>
<td title='com.psl.OpenCart.Tests.MainTestcasesFinal.SubCategoryEnable()'><b>SubCategoryEnable</b><br>Test class: com.psl.OpenCart.Tests.MainTestcasesFinal</td>
<td></td>
<td>2</td>
<td>com.psl.OpenCart.Tests.MainTestcasesFinal@55795845</td></tr>
<tr>
<td title='com.psl.OpenCart.Tests.RegistrationPageTest.continueTest()'><b>continueTest</b><br>Test class: com.psl.OpenCart.Tests.RegistrationPageTest</td>
<td></td>
<td>1</td>
<td>com.psl.OpenCart.Tests.RegistrationPageTest@5cc126dc</td></tr>
<tr>
<td title='com.psl.OpenCart.Tests.MainTestcasesFinal.addToWishlist()'><b>addToWishlist</b><br>Test class: com.psl.OpenCart.Tests.MainTestcasesFinal</td>
<td></td>
<td>0</td>
<td>com.psl.OpenCart.Tests.MainTestcasesFinal@55795845</td></tr>
<tr>
<td title='com.psl.OpenCart.Tests.MainTestcasesFinal.ValidCredentials()'><b>ValidCredentials</b><br>Test class: com.psl.OpenCart.Tests.MainTestcasesFinal</td>
<td></td>
<td>6</td>
<td>com.psl.OpenCart.Tests.MainTestcasesFinal@55795845</td></tr>
<tr>
<td title='com.psl.OpenCart.Tests.MainTestcasesFinal.CategoryIdSelected()'><b>CategoryIdSelected</b><br>Test class: com.psl.OpenCart.Tests.MainTestcasesFinal</td>
<td></td>
<td>0</td>
<td>com.psl.OpenCart.Tests.MainTestcasesFinal@55795845</td></tr>
<tr>
<td title='com.psl.OpenCart.Tests.MainTestcasesFinal.openDesktopModule()'><b>openDesktopModule</b><br>Test class: com.psl.OpenCart.Tests.MainTestcasesFinal</td>
<td></td>
<td>1</td>
<td>com.psl.OpenCart.Tests.MainTestcasesFinal@55795845</td></tr>
<tr>
<td title='com.psl.OpenCart.Tests.MainTestcasesFinal.returnRequest()'><b>returnRequest</b><br>Test class: com.psl.OpenCart.Tests.MainTestcasesFinal</td>
<td></td>
<td>1</td>
<td>com.psl.OpenCart.Tests.MainTestcasesFinal@55795845</td></tr>
<tr>
<td title='com.psl.OpenCart.Tests.MainTestcasesFinal.viewDownloads()'><b>viewDownloads</b><br>Test class: com.psl.OpenCart.Tests.MainTestcasesFinal</td>
<td></td>
<td>1</td>
<td>com.psl.OpenCart.Tests.MainTestcasesFinal@55795845</td></tr>
<tr>
<td title='com.psl.OpenCart.Tests.MainTestcasesFinal.sortProductByPrice()'><b>sortProductByPrice</b><br>Test class: com.psl.OpenCart.Tests.MainTestcasesFinal</td>
<td></td>
<td>1</td>
<td>com.psl.OpenCart.Tests.MainTestcasesFinal@55795845</td></tr>
<tr>
<td title='com.psl.OpenCart.Tests.MainTestcasesFinal.SearchButtonClickable()'><b>SearchButtonClickable</b><br>Test class: com.psl.OpenCart.Tests.MainTestcasesFinal</td>
<td></td>
<td>2</td>
<td>com.psl.OpenCart.Tests.MainTestcasesFinal@55795845</td></tr>
<tr>
<td title='com.psl.OpenCart.Tests.RegistrationPageTest.testRegisterPager()'><b>testRegisterPager</b><br>Test class: com.psl.OpenCart.Tests.RegistrationPageTest</td>
<td></td>
<td>1</td>
<td>com.psl.OpenCart.Tests.RegistrationPageTest@5cc126dc</td></tr>
<tr>
<td title='com.psl.OpenCart.Tests.RegistrationPageTest.testConfirmPassword()'><b>testConfirmPassword</b><br>Test class: com.psl.OpenCart.Tests.RegistrationPageTest</td>
<td></td>
<td>0</td>
<td>com.psl.OpenCart.Tests.RegistrationPageTest@5cc126dc</td></tr>
<tr>
<td title='com.psl.OpenCart.Tests.RegistrationPageTest.testLastname()'><b>testLastname</b><br>Test class: com.psl.OpenCart.Tests.RegistrationPageTest</td>
<td></td>
<td>0</td>
<td>com.psl.OpenCart.Tests.RegistrationPageTest@5cc126dc</td></tr>
<tr>
<td title='com.psl.OpenCart.Tests.RegistrationPageTest.testFirstname()'><b>testFirstname</b><br>Test class: com.psl.OpenCart.Tests.RegistrationPageTest</td>
<td></td>
<td>0</td>
<td>com.psl.OpenCart.Tests.RegistrationPageTest@5cc126dc</td></tr>
<tr>
<td title='com.psl.OpenCart.Tests.MainTestcasesFinal.driverSetup()'><b>driverSetup</b><br>Test class: com.psl.OpenCart.Tests.MainTestcasesFinal</td>
<td></td>
<td>4</td>
<td>com.psl.OpenCart.Tests.MainTestcasesFinal@55795845</td></tr>
<tr>
<td title='com.psl.OpenCart.Tests.MainTestcasesFinal.viewMyOrders()'><b>viewMyOrders</b><br>Test class: com.psl.OpenCart.Tests.MainTestcasesFinal</td>
<td></td>
<td>1</td>
<td>com.psl.OpenCart.Tests.MainTestcasesFinal@55795845</td></tr>
<tr>
<td title='com.psl.OpenCart.Tests.MainTestcasesFinal.LogoutFunctionTest()'><b>LogoutFunctionTest</b><br>Test class: com.psl.OpenCart.Tests.MainTestcasesFinal</td>
<td></td>
<td>1</td>
<td>com.psl.OpenCart.Tests.MainTestcasesFinal@55795845</td></tr>
<tr>
<td title='com.psl.OpenCart.Tests.RegistrationPageTest.testEmail()'><b>testEmail</b><br>Test class: com.psl.OpenCart.Tests.RegistrationPageTest</td>
<td></td>
<td>0</td>
<td>com.psl.OpenCart.Tests.RegistrationPageTest@5cc126dc</td></tr>
<tr>
<td title='com.psl.OpenCart.Tests.MainTestcasesFinal.Mp3FunctionButtonTest()'><b>Mp3FunctionButtonTest</b><br>Test class: com.psl.OpenCart.Tests.MainTestcasesFinal</td>
<td></td>
<td>5</td>
<td>com.psl.OpenCart.Tests.MainTestcasesFinal@55795845</td></tr>
<tr>
<td title='com.psl.OpenCart.Tests.MainTestcasesFinal.LoginwithBlankField()'><b>LoginwithBlankField</b><br>Test class: com.psl.OpenCart.Tests.MainTestcasesFinal</td>
<td></td>
<td>2</td>
<td>com.psl.OpenCart.Tests.MainTestcasesFinal@55795845</td></tr>
<tr>
<td title='com.psl.OpenCart.Tests.RegistrationPageTest.closeDriver()'><b>closeDriver</b><br>Test class: com.psl.OpenCart.Tests.RegistrationPageTest</td>
<td></td>
<td>0</td>
<td>com.psl.OpenCart.Tests.RegistrationPageTest@5cc126dc</td></tr>
<tr>
<td title='com.psl.OpenCart.Tests.MainTestcasesFinal.InvalidCredentials()'><b>InvalidCredentials</b><br>Test class: com.psl.OpenCart.Tests.MainTestcasesFinal</td>
<td></td>
<td>7</td>
<td>com.psl.OpenCart.Tests.MainTestcasesFinal@55795845</td></tr>
<tr>
<td title='com.psl.OpenCart.Tests.RegistrationPageTest.selectNewsletterTest()'><b>selectNewsletterTest</b><br>Test class: com.psl.OpenCart.Tests.RegistrationPageTest</td>
<td></td>
<td>0</td>
<td>com.psl.OpenCart.Tests.RegistrationPageTest@5cc126dc</td></tr>
<tr>
<td title='com.psl.OpenCart.Tests.MainTestcasesFinal.rewardPoints()'><b>rewardPoints</b><br>Test class: com.psl.OpenCart.Tests.MainTestcasesFinal</td>
<td></td>
<td>1</td>
<td>com.psl.OpenCart.Tests.MainTestcasesFinal@55795845</td></tr>
<tr>
<td title='com.psl.OpenCart.Tests.MainTestcasesFinal.ShowingByList()'><b>ShowingByList</b><br>Test class: com.psl.OpenCart.Tests.MainTestcasesFinal</td>
<td></td>
<td>2</td>
<td>com.psl.OpenCart.Tests.MainTestcasesFinal@55795845</td></tr>
<tr>
<td title='com.psl.OpenCart.Tests.RegistrationPageTest.testPassword()'><b>testPassword</b><br>Test class: com.psl.OpenCart.Tests.RegistrationPageTest</td>
<td></td>
<td>0</td>
<td>com.psl.OpenCart.Tests.RegistrationPageTest@5cc126dc</td></tr>
<tr>
<td title='com.psl.OpenCart.Tests.MainTestcasesFinal.removeFromWishlist()'><b>removeFromWishlist</b><br>Test class: com.psl.OpenCart.Tests.MainTestcasesFinal</td>
<td></td>
<td>1</td>
<td>com.psl.OpenCart.Tests.MainTestcasesFinal@55795845</td></tr>
<tr>
<td title='com.psl.OpenCart.Tests.RegistrationPageTest.testTelephone()'><b>testTelephone</b><br>Test class: com.psl.OpenCart.Tests.RegistrationPageTest</td>
<td></td>
<td>0</td>
<td>com.psl.OpenCart.Tests.RegistrationPageTest@5cc126dc</td></tr>
<tr>
<td title='com.psl.OpenCart.Tests.RegistrationPageTest.agreeTest()'><b>agreeTest</b><br>Test class: com.psl.OpenCart.Tests.RegistrationPageTest</td>
<td></td>
<td>0</td>
<td>com.psl.OpenCart.Tests.RegistrationPageTest@5cc126dc</td></tr>
<tr>
<td title='com.psl.OpenCart.Tests.RegistrationPageTest.testBrowser()'><b>testBrowser</b><br>Test class: com.psl.OpenCart.Tests.RegistrationPageTest</td>
<td></td>
<td>6</td>
<td>com.psl.OpenCart.Tests.RegistrationPageTest@5cc126dc</td></tr>
</table><p>
</body>
</html>