<html>
<head>
<title>TestNG:  Default test</title>
<link href="../testng.css" rel="stylesheet" type="text/css" />
<link href="../my-testng.css" rel="stylesheet" type="text/css" />

<style type="text/css">
.log { display: none;} 
.stack-trace { display: none;} 
</style>
<script type="text/javascript">
<!--
function flip(e) {
  current = e.style.display;
  if (current == 'block') {
    e.style.display = 'none';
    return 0;
  }
  else {
    e.style.display = 'block';
    return 1;
  }
}

function toggleBox(szDivId, elem, msg1, msg2)
{
  var res = -1;  if (document.getElementById) {
    res = flip(document.getElementById(szDivId));
  }
  else if (document.all) {
    // this is the way old msie versions work
    res = flip(document.all[szDivId]);
  }
  if(elem) {
    if(res == 0) elem.innerHTML = msg1; else elem.innerHTML = msg2;
  }

}

function toggleAllBoxes() {
  if (document.getElementsByTagName) {
    d = document.getElementsByTagName('div');
    for (i = 0; i < d.length; i++) {
      if (d[i].className == 'log') {
        flip(d[i]);
      }
    }
  }
}

// -->
</script>

</head>
<body>
<h2 align='center'>Default test</h2><table border='1' align="center">
<tr>
<td>Tests passed/Failed/Skipped:</td><td>33/2/0</td>
</tr><tr>
<td>Started on:</td><td>Wed Jan 19 10:54:23 IST 2022</td>
</tr>
<tr><td>Total time:</td><td>101 seconds (101462 ms)</td>
</tr><tr>
<td>Included groups:</td><td></td>
</tr><tr>
<td>Excluded groups:</td><td></td>
</tr>
</table><p/>
<small><i>(Hover the method name to see the test class name)</i></small><p/>
<table width='100%' border='1' class='invocation-failed'>
<tr><td colspan='4' align='center'><b>FAILED TESTS</b></td></tr>
<tr><td><b>Test method</b></td>
<td width="30%"><b>Exception</b></td>
<td width="10%"><b>Time (seconds)</b></td>
<td><b>Instance</b></td>
</tr>
<tr>
<td title='com.psl.OpenCart.Tests.MainTestcasesFinal.createdTest()'><b>createdTest</b><br>Test class: com.psl.OpenCart.Tests.MainTestcasesFinal</td>
<td><div><pre>java.lang.AssertionError: expected [Register Account] but found [Your Account Has Been Created!]
	at org.testng.Assert.fail(Assert.java:99)
	at org.testng.Assert.failNotEquals(Assert.java:1037)
	at org.testng.Assert.assertEqualsImpl(Assert.java:140)
	at org.testng.Assert.assertEquals(Assert.java:122)
	at org.testng.Assert.assertEquals(Assert.java:629)
	at org.testng.Assert.assertEquals(Assert.java:639)
	at com.psl.OpenCart.Tests.MainTestcasesFinal.createdTest(MainTestcasesFinal.java:174)
	at java.base/jdk.internal.reflect.NativeMethodAccessorImpl.invoke0(Native Method)
	at java.base/jdk.internal.reflect.NativeMethodAccessorImpl.invoke(NativeMethodAccessorImpl.java:77)
	at java.base/jdk.internal.reflect.DelegatingMethodAccessorImpl.invoke(DelegatingMethodAccessorImpl.java:43)
	at java.base/java.lang.reflect.Method.invoke(Method.java:568)
	at org.testng.internal.MethodInvocationHelper.invokeMethod(MethodInvocationHelper.java:133)
	at org.testng.internal.TestInvoker.invokeMethod(TestInvoker.java:598)
	at org.testng.internal.TestInvoker.invokeTestMethod(TestInvoker.java:173)
	at org.testng.internal.MethodRunner.runInSequence(MethodRunner.java:46)
	at org.testng.internal.TestInvoker$MethodInvocationAgent.invoke(TestInvoker.java:824)
	at org.testng.internal.TestInvoker.invokeTestMethods(TestInvoker.java:146)
	at org.testng.internal.TestMethodWorker.invokeTestMethods(TestMethodWorker.java:146)
	at org.testng.internal.TestMethodWorker.run(TestMethodWorker.java:128)
	at java.base/java.util.ArrayList.forEach(ArrayList.java:1511)
	at org.testng.TestRunner.privateRun(TestRunner.java:794)
	at org.testng.TestRunner.run(TestRunner.java:596)
	at org.testng.SuiteRunner.runTest(SuiteRunner.java:377)
	at org.testng.SuiteRunner.runSequentially(SuiteRunner.java:371)
	at org.testng.SuiteRunner.privateRun(SuiteRunner.java:332)
	at org.testng.SuiteRunner.run(SuiteRunner.java:276)
	at org.testng.SuiteRunnerWorker.runSuite(SuiteRunnerWorker.java:53)
	at org.testng.SuiteRunnerWorker.run(SuiteRunnerWorker.java:96)
	at org.testng.TestNG.runSuitesSequentially(TestNG.java:1212)
	at org.testng.TestNG.runSuitesLocally(TestNG.java:1134)
	at org.testng.TestNG.runSuites(TestNG.java:1063)
	at org.testng.TestNG.run(TestNG.java:1031)
	at org.testng.remote.AbstractRemoteTestNG.run(AbstractRemoteTestNG.java:115)
	at org.testng.remote.RemoteTestNG.initAndRun(RemoteTestNG.java:251)
	at org.testng.remote.RemoteTestNG.main(RemoteTestNG.java:77)
</pre></div><a href='#' onClick='toggleBox("stack-trace1436347886", this, "Click to show all stack frames", "Click to hide stack frames")'>Click to show all stack frames</a>
<div class='stack-trace' id='stack-trace1436347886'><pre>java.lang.AssertionError: expected [Register Account] but found [Your Account Has Been Created!]
	at org.testng.Assert.fail(Assert.java:99)
	at org.testng.Assert.failNotEquals(Assert.java:1037)
	at org.testng.Assert.assertEqualsImpl(Assert.java:140)
	at org.testng.Assert.assertEquals(Assert.java:122)
	at org.testng.Assert.assertEquals(Assert.java:629)
	at org.testng.Assert.assertEquals(Assert.java:639)
	at com.psl.OpenCart.Tests.MainTestcasesFinal.createdTest(MainTestcasesFinal.java:174)
	at java.base/jdk.internal.reflect.NativeMethodAccessorImpl.invoke0(Native Method)
	at java.base/jdk.internal.reflect.NativeMethodAccessorImpl.invoke(NativeMethodAccessorImpl.java:77)
	at java.base/jdk.internal.reflect.DelegatingMethodAccessorImpl.invoke(DelegatingMethodAccessorImpl.java:43)
	at java.base/java.lang.reflect.Method.invoke(Method.java:568)
	at org.testng.internal.MethodInvocationHelper.invokeMethod(MethodInvocationHelper.java:133)
	at org.testng.internal.TestInvoker.invokeMethod(TestInvoker.java:598)
	at org.testng.internal.TestInvoker.invokeTestMethod(TestInvoker.java:173)
	at org.testng.internal.MethodRunner.runInSequence(MethodRunner.java:46)
	at org.testng.internal.TestInvoker$MethodInvocationAgent.invoke(TestInvoker.java:824)
	at org.testng.internal.TestInvoker.invokeTestMethods(TestInvoker.java:146)
	at org.testng.internal.TestMethodWorker.invokeTestMethods(TestMethodWorker.java:146)
	at org.testng.internal.TestMethodWorker.run(TestMethodWorker.java:128)
	at java.base/java.util.ArrayList.forEach(ArrayList.java:1511)
	at org.testng.TestRunner.privateRun(TestRunner.java:794)
	at org.testng.TestRunner.run(TestRunner.java:596)
	at org.testng.SuiteRunner.runTest(SuiteRunner.java:377)
	at org.testng.SuiteRunner.runSequentially(SuiteRunner.java:371)
	at org.testng.SuiteRunner.privateRun(SuiteRunner.java:332)
	at org.testng.SuiteRunner.run(SuiteRunner.java:276)
	at org.testng.SuiteRunnerWorker.runSuite(SuiteRunnerWorker.java:53)
	at org.testng.SuiteRunnerWorker.run(SuiteRunnerWorker.java:96)
	at org.testng.TestNG.runSuitesSequentially(TestNG.java:1212)
	at org.testng.TestNG.runSuitesLocally(TestNG.java:1134)
	at org.testng.TestNG.runSuites(TestNG.java:1063)
	at org.testng.TestNG.run(TestNG.java:1031)
	at org.testng.remote.AbstractRemoteTestNG.run(AbstractRemoteTestNG.java:115)
	at org.testng.remote.RemoteTestNG.initAndRun(RemoteTestNG.java:251)
	at org.testng.remote.RemoteTestNG.main(RemoteTestNG.java:77)
</pre></div></td>
<td>0</td>
<td>com.psl.OpenCart.Tests.MainTestcasesFinal@119f1f2a</td></tr>
<tr>
<td title='com.psl.OpenCart.Tests.MainTestcasesFinal.checkout()'><b>checkout</b><br>Test class: com.psl.OpenCart.Tests.MainTestcasesFinal</td>
<td><div><pre>org.openqa.selenium.InvalidSelectorException: invalid selector: Unable to locate an element with the xpath expression //*[@id=\&quot;top-links\&quot;]/ul/li[5]/a/span because of the following error:
SyntaxError: Failed to execute &apos;evaluate&apos; on &apos;Document&apos;: The string &apos;//*[@id=\&quot;top-links\&quot;]/ul/li[5]/a/span&apos; is not a valid XPath expression.
  (Session info: chrome=97.0.4692.71)
For documentation on this error, please visit: https://www.seleniumhq.org/exceptions/invalid_selector_exception.html
Build info: version: &apos;3.141.59&apos;, revision: &apos;e82be7d358&apos;, time: &apos;2018-11-14T08:17:03&apos;
System info: host: &apos;ARPGL007193&apos;, ip: &apos;192.168.0.102&apos;, os.name: &apos;Windows 10&apos;, os.arch: &apos;amd64&apos;, os.version: &apos;10.0&apos;, java.version: &apos;17.0.1&apos;
Driver info: org.openqa.selenium.chrome.ChromeDriver
Capabilities {acceptInsecureCerts: false, browserName: chrome, browserVersion: 97.0.4692.71, chrome: {chromedriverVersion: 97.0.4692.71 (adefa7837d02a..., userDataDir: C:\Users\TEJAL_~1\AppData\L...}, goog:chromeOptions: {debuggerAddress: localhost:52250}, javascriptEnabled: true, networkConnectionEnabled: false, pageLoadStrategy: normal, platform: WINDOWS, platformName: WINDOWS, proxy: Proxy(), setWindowRect: true, strictFileInteractability: false, timeouts: {implicit: 0, pageLoad: 300000, script: 30000}, unhandledPromptBehavior: dismiss and notify, webauthn:extension:credBlob: true, webauthn:extension:largeBlob: true, webauthn:virtualAuthenticators: true}
Session ID: 600bf1116e5cb53e1ccf397a00d7b26c
*** Element info: {Using=xpath, value=//*[@id=\&quot;top-links\&quot;]/ul/li[5]/a/span}
	at java.base/jdk.internal.reflect.NativeConstructorAccessorImpl.newInstance0(Native Method)
	at java.base/jdk.internal.reflect.NativeConstructorAccessorImpl.newInstance(NativeConstructorAccessorImpl.java:77)
	at java.base/jdk.internal.reflect.DelegatingConstructorAccessorImpl.newInstance(DelegatingConstructorAccessorImpl.java:45)
	at java.base/java.lang.reflect.Constructor.newInstanceWithCaller(Constructor.java:499)
	at java.base/java.lang.reflect.Constructor.newInstance(Constructor.java:480)
	at org.openqa.selenium.remote.http.W3CHttpResponseCodec.createException(W3CHttpResponseCodec.java:187)
	at org.openqa.selenium.remote.http.W3CHttpResponseCodec.decode(W3CHttpResponseCodec.java:122)
	at org.openqa.selenium.remote.http.W3CHttpResponseCodec.decode(W3CHttpResponseCodec.java:49)
	at org.openqa.selenium.remote.HttpCommandExecutor.execute(HttpCommandExecutor.java:158)
	at org.openqa.selenium.remote.service.DriverCommandExecutor.execute(DriverCommandExecutor.java:83)
	at org.openqa.selenium.remote.RemoteWebDriver.execute(RemoteWebDriver.java:552)
	at org.openqa.selenium.remote.RemoteWebDriver.findElement(RemoteWebDriver.java:323)
	at org.openqa.selenium.remote.RemoteWebDriver.findElementByXPath(RemoteWebDriver.java:428)
	at org.openqa.selenium.By$ByXPath.findElement(By.java:353)
	at org.openqa.selenium.remote.RemoteWebDriver.findElement(RemoteWebDriver.java:315)
	at com.psl.OpenCart.Tests.MainTestcasesFinal.checkout(MainTestcasesFinal.java:524)
	at java.base/jdk.internal.reflect.NativeMethodAccessorImpl.invoke0(Native Method)
	at java.base/jdk.internal.reflect.NativeMethodAccessorImpl.invoke(NativeMethodAccessorImpl.java:77)
	at java.base/jdk.internal.reflect.DelegatingMethodAccessorImpl.invoke(DelegatingMethodAccessorImpl.java:43)
	at java.base/java.lang.reflect.Method.invoke(Method.java:568)
	at org.testng.internal.MethodInvocationHelper.invokeMethod(MethodInvocationHelper.java:133)
	at org.testng.internal.TestInvoker.invokeMethod(TestInvoker.java:598)
	at org.testng.internal.TestInvoker.invokeTestMethod(TestInvoker.java:173)
	at org.testng.internal.MethodRunner.runInSequence(MethodRunner.java:46)
	at org.testng.internal.TestInvoker$MethodInvocationAgent.invoke(TestInvoker.java:824)
	at org.testng.internal.TestInvoker.invokeTestMethods(TestInvoker.java:146)
	at org.testng.internal.TestMethodWorker.invokeTestMethods(TestMethodWorker.java:146)
	at org.testng.internal.TestMethodWorker.run(TestMethodWorker.java:128)
	at java.base/java.util.ArrayList.forEach(ArrayList.java:1511)
	at org.testng.TestRunner.privateRun(TestRunner.java:794)
	at org.testng.TestRunner.run(TestRunner.java:596)
	at org.testng.SuiteRunner.runTest(SuiteRunner.java:377)
	at org.testng.SuiteRunner.runSequentially(SuiteRunner.java:371)
	at org.testng.SuiteRunner.privateRun(SuiteRunner.java:332)
	at org.testng.SuiteRunner.run(SuiteRunner.java:276)
	at org.testng.SuiteRunnerWorker.runSuite(SuiteRunnerWorker.java:53)
	at org.testng.SuiteRunnerWorker.run(SuiteRunnerWorker.java:96)
	at org.testng.TestNG.runSuitesSequentially(TestNG.java:1212)
	at org.testng.TestNG.runSuitesLocally(TestNG.java:1134)
	at org.testng.TestNG.runSuites(TestNG.java:1063)
	at org.testng.TestNG.run(TestNG.java:1031)
	at org.testng.remote.AbstractRemoteTestNG.run(AbstractRemoteTestNG.java:115)
	at org.testng.remote.RemoteTestNG.initAndRun(RemoteTestNG.java:251)
	at org.testng.remote.RemoteTestNG.main(RemoteTestNG.java:77)
</pre></div><a href='#' onClick='toggleBox("stack-trace37754966", this, "Click to show all stack frames", "Click to hide stack frames")'>Click to show all stack frames</a>
<div class='stack-trace' id='stack-trace37754966'><pre>org.openqa.selenium.InvalidSelectorException: invalid selector: Unable to locate an element with the xpath expression //*[@id=\&quot;top-links\&quot;]/ul/li[5]/a/span because of the following error:
SyntaxError: Failed to execute &apos;evaluate&apos; on &apos;Document&apos;: The string &apos;//*[@id=\&quot;top-links\&quot;]/ul/li[5]/a/span&apos; is not a valid XPath expression.
  (Session info: chrome=97.0.4692.71)
For documentation on this error, please visit: https://www.seleniumhq.org/exceptions/invalid_selector_exception.html
Build info: version: &apos;3.141.59&apos;, revision: &apos;e82be7d358&apos;, time: &apos;2018-11-14T08:17:03&apos;
System info: host: &apos;ARPGL007193&apos;, ip: &apos;192.168.0.102&apos;, os.name: &apos;Windows 10&apos;, os.arch: &apos;amd64&apos;, os.version: &apos;10.0&apos;, java.version: &apos;17.0.1&apos;
Driver info: org.openqa.selenium.chrome.ChromeDriver
Capabilities {acceptInsecureCerts: false, browserName: chrome, browserVersion: 97.0.4692.71, chrome: {chromedriverVersion: 97.0.4692.71 (adefa7837d02a..., userDataDir: C:\Users\TEJAL_~1\AppData\L...}, goog:chromeOptions: {debuggerAddress: localhost:52250}, javascriptEnabled: true, networkConnectionEnabled: false, pageLoadStrategy: normal, platform: WINDOWS, platformName: WINDOWS, proxy: Proxy(), setWindowRect: true, strictFileInteractability: false, timeouts: {implicit: 0, pageLoad: 300000, script: 30000}, unhandledPromptBehavior: dismiss and notify, webauthn:extension:credBlob: true, webauthn:extension:largeBlob: true, webauthn:virtualAuthenticators: true}
Session ID: 600bf1116e5cb53e1ccf397a00d7b26c
*** Element info: {Using=xpath, value=//*[@id=\&quot;top-links\&quot;]/ul/li[5]/a/span}
	at java.base/jdk.internal.reflect.NativeConstructorAccessorImpl.newInstance0(Native Method)
	at java.base/jdk.internal.reflect.NativeConstructorAccessorImpl.newInstance(NativeConstructorAccessorImpl.java:77)
	at java.base/jdk.internal.reflect.DelegatingConstructorAccessorImpl.newInstance(DelegatingConstructorAccessorImpl.java:45)
	at java.base/java.lang.reflect.Constructor.newInstanceWithCaller(Constructor.java:499)
	at java.base/java.lang.reflect.Constructor.newInstance(Constructor.java:480)
	at org.openqa.selenium.remote.http.W3CHttpResponseCodec.createException(W3CHttpResponseCodec.java:187)
	at org.openqa.selenium.remote.http.W3CHttpResponseCodec.decode(W3CHttpResponseCodec.java:122)
	at org.openqa.selenium.remote.http.W3CHttpResponseCodec.decode(W3CHttpResponseCodec.java:49)
	at org.openqa.selenium.remote.HttpCommandExecutor.execute(HttpCommandExecutor.java:158)
	at org.openqa.selenium.remote.service.DriverCommandExecutor.execute(DriverCommandExecutor.java:83)
	at org.openqa.selenium.remote.RemoteWebDriver.execute(RemoteWebDriver.java:552)
	at org.openqa.selenium.remote.RemoteWebDriver.findElement(RemoteWebDriver.java:323)
	at org.openqa.selenium.remote.RemoteWebDriver.findElementByXPath(RemoteWebDriver.java:428)
	at org.openqa.selenium.By$ByXPath.findElement(By.java:353)
	at org.openqa.selenium.remote.RemoteWebDriver.findElement(RemoteWebDriver.java:315)
	at com.psl.OpenCart.Tests.MainTestcasesFinal.checkout(MainTestcasesFinal.java:524)
	at java.base/jdk.internal.reflect.NativeMethodAccessorImpl.invoke0(Native Method)
	at java.base/jdk.internal.reflect.NativeMethodAccessorImpl.invoke(NativeMethodAccessorImpl.java:77)
	at java.base/jdk.internal.reflect.DelegatingMethodAccessorImpl.invoke(DelegatingMethodAccessorImpl.java:43)
	at java.base/java.lang.reflect.Method.invoke(Method.java:568)
	at org.testng.internal.MethodInvocationHelper.invokeMethod(MethodInvocationHelper.java:133)
	at org.testng.internal.TestInvoker.invokeMethod(TestInvoker.java:598)
	at org.testng.internal.TestInvoker.invokeTestMethod(TestInvoker.java:173)
	at org.testng.internal.MethodRunner.runInSequence(MethodRunner.java:46)
	at org.testng.internal.TestInvoker$MethodInvocationAgent.invoke(TestInvoker.java:824)
	at org.testng.internal.TestInvoker.invokeTestMethods(TestInvoker.java:146)
	at org.testng.internal.TestMethodWorker.invokeTestMethods(TestMethodWorker.java:146)
	at org.testng.internal.TestMethodWorker.run(TestMethodWorker.java:128)
	at java.base/java.util.ArrayList.forEach(ArrayList.java:1511)
	at org.testng.TestRunner.privateRun(TestRunner.java:794)
	at org.testng.TestRunner.run(TestRunner.java:596)
	at org.testng.SuiteRunner.runTest(SuiteRunner.java:377)
	at org.testng.SuiteRunner.runSequentially(SuiteRunner.java:371)
	at org.testng.SuiteRunner.privateRun(SuiteRunner.java:332)
	at org.testng.SuiteRunner.run(SuiteRunner.java:276)
	at org.testng.SuiteRunnerWorker.runSuite(SuiteRunnerWorker.java:53)
	at org.testng.SuiteRunnerWorker.run(SuiteRunnerWorker.java:96)
	at org.testng.TestNG.runSuitesSequentially(TestNG.java:1212)
	at org.testng.TestNG.runSuitesLocally(TestNG.java:1134)
	at org.testng.TestNG.runSuites(TestNG.java:1063)
	at org.testng.TestNG.run(TestNG.java:1031)
	at org.testng.remote.AbstractRemoteTestNG.run(AbstractRemoteTestNG.java:115)
	at org.testng.remote.RemoteTestNG.initAndRun(RemoteTestNG.java:251)
	at org.testng.remote.RemoteTestNG.main(RemoteTestNG.java:77)
</pre></div></td>
<td>0</td>
<td>com.psl.OpenCart.Tests.MainTestcasesFinal@119f1f2a</td></tr>
</table><p>
<table width='100%' border='1' class='invocation-passed'>
<tr><td colspan='4' align='center'><b>PASSED TESTS</b></td></tr>
<tr><td><b>Test method</b></td>
<td width="30%"><b>Exception</b></td>
<td width="10%"><b>Time (seconds)</b></td>
<td><b>Instance</b></td>
</tr>
<tr>
<td title='com.psl.OpenCart.Tests.MainTestcasesFinal.sortProductByPrice()'><b>sortProductByPrice</b><br>Test class: com.psl.OpenCart.Tests.MainTestcasesFinal</td>
<td></td>
<td>1</td>
<td>com.psl.OpenCart.Tests.MainTestcasesFinal@119f1f2a</td></tr>
<tr>
<td title='com.psl.OpenCart.Tests.MainTestcasesFinal.testRegisterPager()'><b>testRegisterPager</b><br>Test class: com.psl.OpenCart.Tests.MainTestcasesFinal</td>
<td></td>
<td>3</td>
<td>com.psl.OpenCart.Tests.MainTestcasesFinal@119f1f2a</td></tr>
<tr>
<td title='com.psl.OpenCart.Tests.MainTestcasesFinal.Mp3FunctionButtonTest()'><b>Mp3FunctionButtonTest</b><br>Test class: com.psl.OpenCart.Tests.MainTestcasesFinal</td>
<td></td>
<td>7</td>
<td>com.psl.OpenCart.Tests.MainTestcasesFinal@119f1f2a</td></tr>
<tr>
<td title='com.psl.OpenCart.Tests.MainTestcasesFinal.addToCart()'><b>addToCart</b><br>Test class: com.psl.OpenCart.Tests.MainTestcasesFinal</td>
<td></td>
<td>0</td>
<td>com.psl.OpenCart.Tests.MainTestcasesFinal@119f1f2a</td></tr>
<tr>
<td title='com.psl.OpenCart.Tests.MainTestcasesFinal.LoginwithBlankField()'><b>LoginwithBlankField</b><br>Test class: com.psl.OpenCart.Tests.MainTestcasesFinal</td>
<td></td>
<td>2</td>
<td>com.psl.OpenCart.Tests.MainTestcasesFinal@119f1f2a</td></tr>
<tr>
<td title='com.psl.OpenCart.Tests.MainTestcasesFinal.ValidCredentials()'><b>ValidCredentials</b><br>Test class: com.psl.OpenCart.Tests.MainTestcasesFinal</td>
<td></td>
<td>7</td>
<td>com.psl.OpenCart.Tests.MainTestcasesFinal@119f1f2a</td></tr>
<tr>
<td title='com.psl.OpenCart.Tests.MainTestcasesFinal.selectNewsletterTest()'><b>selectNewsletterTest</b><br>Test class: com.psl.OpenCart.Tests.MainTestcasesFinal</td>
<td></td>
<td>0</td>
<td>com.psl.OpenCart.Tests.MainTestcasesFinal@119f1f2a</td></tr>
<tr>
<td title='com.psl.OpenCart.Tests.MainTestcasesFinal.testLastname()'><b>testLastname</b><br>Test class: com.psl.OpenCart.Tests.MainTestcasesFinal</td>
<td></td>
<td>0</td>
<td>com.psl.OpenCart.Tests.MainTestcasesFinal@119f1f2a</td></tr>
<tr>
<td title='com.psl.OpenCart.Tests.MainTestcasesFinal.LogoutFunctionTest()'><b>LogoutFunctionTest</b><br>Test class: com.psl.OpenCart.Tests.MainTestcasesFinal</td>
<td></td>
<td>2</td>
<td>com.psl.OpenCart.Tests.MainTestcasesFinal@119f1f2a</td></tr>
<tr>
<td title='com.psl.OpenCart.Tests.MainTestcasesFinal.testEmail()'><b>testEmail</b><br>Test class: com.psl.OpenCart.Tests.MainTestcasesFinal</td>
<td></td>
<td>0</td>
<td>com.psl.OpenCart.Tests.MainTestcasesFinal@119f1f2a</td></tr>
<tr>
<td title='com.psl.OpenCart.Tests.MainTestcasesFinal.SearchButtonClickable()'><b>SearchButtonClickable</b><br>Test class: com.psl.OpenCart.Tests.MainTestcasesFinal</td>
<td></td>
<td>5</td>
<td>com.psl.OpenCart.Tests.MainTestcasesFinal@119f1f2a</td></tr>
<tr>
<td title='com.psl.OpenCart.Tests.MainTestcasesFinal.openDesktopModule()'><b>openDesktopModule</b><br>Test class: com.psl.OpenCart.Tests.MainTestcasesFinal</td>
<td></td>
<td>2</td>
<td>com.psl.OpenCart.Tests.MainTestcasesFinal@119f1f2a</td></tr>
<tr>
<td title='com.psl.OpenCart.Tests.MainTestcasesFinal.viewMyOrders()'><b>viewMyOrders</b><br>Test class: com.psl.OpenCart.Tests.MainTestcasesFinal</td>
<td></td>
<td>3</td>
<td>com.psl.OpenCart.Tests.MainTestcasesFinal@119f1f2a</td></tr>
<tr>
<td title='com.psl.OpenCart.Tests.MainTestcasesFinal.verifyPhonesAndPDAsModuleInHomePage()'><b>verifyPhonesAndPDAsModuleInHomePage</b><br>Test class: com.psl.OpenCart.Tests.MainTestcasesFinal</td>
<td></td>
<td>2</td>
<td>com.psl.OpenCart.Tests.MainTestcasesFinal@119f1f2a</td></tr>
<tr>
<td title='com.psl.OpenCart.Tests.MainTestcasesFinal.viewDownloads()'><b>viewDownloads</b><br>Test class: com.psl.OpenCart.Tests.MainTestcasesFinal</td>
<td></td>
<td>3</td>
<td>com.psl.OpenCart.Tests.MainTestcasesFinal@119f1f2a</td></tr>
<tr>
<td title='com.psl.OpenCart.Tests.MainTestcasesFinal.addToWishlist()'><b>addToWishlist</b><br>Test class: com.psl.OpenCart.Tests.MainTestcasesFinal</td>
<td></td>
<td>0</td>
<td>com.psl.OpenCart.Tests.MainTestcasesFinal@119f1f2a</td></tr>
<tr>
<td title='com.psl.OpenCart.Tests.MainTestcasesFinal.CategoryIdSelected()'><b>CategoryIdSelected</b><br>Test class: com.psl.OpenCart.Tests.MainTestcasesFinal</td>
<td></td>
<td>0</td>
<td>com.psl.OpenCart.Tests.MainTestcasesFinal@119f1f2a</td></tr>
<tr>
<td title='com.psl.OpenCart.Tests.MainTestcasesFinal.driverSetup()'><b>driverSetup</b><br>Test class: com.psl.OpenCart.Tests.MainTestcasesFinal</td>
<td></td>
<td>5</td>
<td>com.psl.OpenCart.Tests.MainTestcasesFinal@119f1f2a</td></tr>
<tr>
<td title='com.psl.OpenCart.Tests.MainTestcasesFinal.testPassword()'><b>testPassword</b><br>Test class: com.psl.OpenCart.Tests.MainTestcasesFinal</td>
<td></td>
<td>0</td>
<td>com.psl.OpenCart.Tests.MainTestcasesFinal@119f1f2a</td></tr>
<tr>
<td title='com.psl.OpenCart.Tests.MainTestcasesFinal.continueTest()'><b>continueTest</b><br>Test class: com.psl.OpenCart.Tests.MainTestcasesFinal</td>
<td></td>
<td>3</td>
<td>com.psl.OpenCart.Tests.MainTestcasesFinal@119f1f2a</td></tr>
<tr>
<td title='com.psl.OpenCart.Tests.MainTestcasesFinal.ShowingByList()'><b>ShowingByList</b><br>Test class: com.psl.OpenCart.Tests.MainTestcasesFinal</td>
<td></td>
<td>2</td>
<td>com.psl.OpenCart.Tests.MainTestcasesFinal@119f1f2a</td></tr>
<tr>
<td title='com.psl.OpenCart.Tests.MainTestcasesFinal.agreeTest()'><b>agreeTest</b><br>Test class: com.psl.OpenCart.Tests.MainTestcasesFinal</td>
<td></td>
<td>0</td>
<td>com.psl.OpenCart.Tests.MainTestcasesFinal@119f1f2a</td></tr>
<tr>
<td title='com.psl.OpenCart.Tests.MainTestcasesFinal.InvalidCredentials()'><b>InvalidCredentials</b><br>Test class: com.psl.OpenCart.Tests.MainTestcasesFinal</td>
<td></td>
<td>5</td>
<td>com.psl.OpenCart.Tests.MainTestcasesFinal@119f1f2a</td></tr>
<tr>
<td title='com.psl.OpenCart.Tests.MainTestcasesFinal.SubCategoryEnable()'><b>SubCategoryEnable</b><br>Test class: com.psl.OpenCart.Tests.MainTestcasesFinal</td>
<td></td>
<td>5</td>
<td>com.psl.OpenCart.Tests.MainTestcasesFinal@119f1f2a</td></tr>
<tr>
<td title='com.psl.OpenCart.Tests.MainTestcasesFinal.returnRequest()'><b>returnRequest</b><br>Test class: com.psl.OpenCart.Tests.MainTestcasesFinal</td>
<td></td>
<td>1</td>
<td>com.psl.OpenCart.Tests.MainTestcasesFinal@119f1f2a</td></tr>
<tr>
<td title='com.psl.OpenCart.Tests.MainTestcasesFinal.addingToCart()'><b>addingToCart</b><br>Test class: com.psl.OpenCart.Tests.MainTestcasesFinal</td>
<td></td>
<td>17</td>
<td>com.psl.OpenCart.Tests.MainTestcasesFinal@119f1f2a</td></tr>
<tr>
<td title='com.psl.OpenCart.Tests.MainTestcasesFinal.rewardPoints()'><b>rewardPoints</b><br>Test class: com.psl.OpenCart.Tests.MainTestcasesFinal</td>
<td></td>
<td>3</td>
<td>com.psl.OpenCart.Tests.MainTestcasesFinal@119f1f2a</td></tr>
<tr>
<td title='com.psl.OpenCart.Tests.MainTestcasesFinal.removeFromWishlist()'><b>removeFromWishlist</b><br>Test class: com.psl.OpenCart.Tests.MainTestcasesFinal</td>
<td></td>
<td>2</td>
<td>com.psl.OpenCart.Tests.MainTestcasesFinal@119f1f2a</td></tr>
<tr>
<td title='com.psl.OpenCart.Tests.MainTestcasesFinal.testFirstname()'><b>testFirstname</b><br>Test class: com.psl.OpenCart.Tests.MainTestcasesFinal</td>
<td></td>
<td>0</td>
<td>com.psl.OpenCart.Tests.MainTestcasesFinal@119f1f2a</td></tr>
<tr>
<td title='com.psl.OpenCart.Tests.MainTestcasesFinal.testTelephone()'><b>testTelephone</b><br>Test class: com.psl.OpenCart.Tests.MainTestcasesFinal</td>
<td></td>
<td>0</td>
<td>com.psl.OpenCart.Tests.MainTestcasesFinal@119f1f2a</td></tr>
<tr>
<td title='com.psl.OpenCart.Tests.MainTestcasesFinal.testConfirmPassword()'><b>testConfirmPassword</b><br>Test class: com.psl.OpenCart.Tests.MainTestcasesFinal</td>
<td></td>
<td>0</td>
<td>com.psl.OpenCart.Tests.MainTestcasesFinal@119f1f2a</td></tr>
<tr>
<td title='com.psl.OpenCart.Tests.MainTestcasesFinal.selectProduct()'><b>selectProduct</b><br>Test class: com.psl.OpenCart.Tests.MainTestcasesFinal</td>
<td></td>
<td>5</td>
<td>com.psl.OpenCart.Tests.MainTestcasesFinal@119f1f2a</td></tr>
<tr>
<td title='com.psl.OpenCart.Tests.MainTestcasesFinal.verifyPhonesAndPDAsIsClickable()'><b>verifyPhonesAndPDAsIsClickable</b><br>Test class: com.psl.OpenCart.Tests.MainTestcasesFinal</td>
<td></td>
<td>3</td>
<td>com.psl.OpenCart.Tests.MainTestcasesFinal@119f1f2a</td></tr>
</table><p>
</body>
</html>