<?xml version="1.0" encoding="UTF-8"?>
<!-- Generated by org.testng.reporters.JUnitReportReporter -->
<testsuite hostname="ARPGL007193" failures="1" tests="35" name="com.psl.OpenCart.Tests.MainTestcasesFinal" time="100.360" errors="1" timestamp="2022-01-19T10:56:05 IST" skipped="0">
  <testcase classname="com.psl.OpenCart.Tests.MainTestcasesFinal" name="driverSetup" time="5.289"/>
  <system-out/>
  <testcase classname="com.psl.OpenCart.Tests.MainTestcasesFinal" name="testRegisterPager" time="3.711"/>
  <system-out/>
  <testcase classname="com.psl.OpenCart.Tests.MainTestcasesFinal" name="testFirstname" time="0.201"/>
  <system-out/>
  <testcase classname="com.psl.OpenCart.Tests.MainTestcasesFinal" name="testLastname" time="0.090"/>
  <system-out/>
  <testcase classname="com.psl.OpenCart.Tests.MainTestcasesFinal" name="testEmail" time="0.102"/>
  <system-out/>
  <testcase classname="com.psl.OpenCart.Tests.MainTestcasesFinal" name="testTelephone" time="0.147"/>
  <system-out/>
  <testcase classname="com.psl.OpenCart.Tests.MainTestcasesFinal" name="testPassword" time="0.086"/>
  <system-out/>
  <testcase classname="com.psl.OpenCart.Tests.MainTestcasesFinal" name="testConfirmPassword" time="0.088"/>
  <system-out/>
  <testcase classname="com.psl.OpenCart.Tests.MainTestcasesFinal" name="selectNewsletterTest" time="0.063"/>
  <system-out/>
  <testcase classname="com.psl.OpenCart.Tests.MainTestcasesFinal" name="agreeTest" time="0.100"/>
  <system-out/>
  <testcase classname="com.psl.OpenCart.Tests.MainTestcasesFinal" name="continueTest" time="3.407"/>
  <system-out/>
  <testcase classname="com.psl.OpenCart.Tests.MainTestcasesFinal" name="createdTest" time="0.013">
    <failure message="expected [Register Account] but found [Your Account Has Been Created!]" type="java.lang.AssertionError">
      <![CDATA[java.lang.AssertionError: expected [Register Account] but found [Your Account Has Been Created!]
at org.testng.Assert.fail(Assert.java:99)
at org.testng.Assert.failNotEquals(Assert.java:1037)
at org.testng.Assert.assertEqualsImpl(Assert.java:140)
at org.testng.Assert.assertEquals(Assert.java:122)
at org.testng.Assert.assertEquals(Assert.java:629)
at org.testng.Assert.assertEquals(Assert.java:639)
at com.psl.OpenCart.Tests.MainTestcasesFinal.createdTest(MainTestcasesFinal.java:174)
at java.base/jdk.internal.reflect.NativeMethodAccessorImpl.invoke0(Native Method)
at java.base/jdk.internal.reflect.NativeMethodAccessorImpl.invoke(NativeMethodAccessorImpl.java:77)
at java.base/jdk.internal.reflect.DelegatingMethodAccessorImpl.invoke(DelegatingMethodAccessorImpl.java:43)
at java.base/java.lang.reflect.Method.invoke(Method.java:568)
at org.testng.internal.MethodInvocationHelper.invokeMethod(MethodInvocationHelper.java:133)
at org.testng.internal.TestInvoker.invokeMethod(TestInvoker.java:598)
at org.testng.internal.TestInvoker.invokeTestMethod(TestInvoker.java:173)
at org.testng.internal.MethodRunner.runInSequence(MethodRunner.java:46)
at org.testng.internal.TestInvoker$MethodInvocationAgent.invoke(TestInvoker.java:824)
at org.testng.internal.TestInvoker.invokeTestMethods(TestInvoker.java:146)
at org.testng.internal.TestMethodWorker.invokeTestMethods(TestMethodWorker.java:146)
at org.testng.internal.TestMethodWorker.run(TestMethodWorker.java:128)
at java.base/java.util.ArrayList.forEach(ArrayList.java:1511)
at org.testng.TestRunner.privateRun(TestRunner.java:794)
at org.testng.TestRunner.run(TestRunner.java:596)
at org.testng.SuiteRunner.runTest(SuiteRunner.java:377)
at org.testng.SuiteRunner.runSequentially(SuiteRunner.java:371)
at org.testng.SuiteRunner.privateRun(SuiteRunner.java:332)
at org.testng.SuiteRunner.run(SuiteRunner.java:276)
at org.testng.SuiteRunnerWorker.runSuite(SuiteRunnerWorker.java:53)
at org.testng.SuiteRunnerWorker.run(SuiteRunnerWorker.java:96)
at org.testng.TestNG.runSuitesSequentially(TestNG.java:1212)
at org.testng.TestNG.runSuitesLocally(TestNG.java:1134)
at org.testng.TestNG.runSuites(TestNG.java:1063)
at org.testng.TestNG.run(TestNG.java:1031)
at org.testng.remote.AbstractRemoteTestNG.run(AbstractRemoteTestNG.java:115)
at org.testng.remote.RemoteTestNG.initAndRun(RemoteTestNG.java:251)
at org.testng.remote.RemoteTestNG.main(RemoteTestNG.java:77)
]]>
    </failure>
  </testcase> <!-- createdTest -->
  <system-out/>
  <testcase classname="com.psl.OpenCart.Tests.MainTestcasesFinal" name="InvalidCredentials" time="5.651"/>
  <system-out/>
  <testcase classname="com.psl.OpenCart.Tests.MainTestcasesFinal" name="LoginwithBlankField" time="2.957"/>
  <system-out/>
  <testcase classname="com.psl.OpenCart.Tests.MainTestcasesFinal" name="ValidCredentials" time="7.252"/>
  <system-out/>
  <testcase classname="com.psl.OpenCart.Tests.MainTestcasesFinal" name="viewMyOrders" time="3.500"/>
  <system-out/>
  <testcase classname="com.psl.OpenCart.Tests.MainTestcasesFinal" name="viewDownloads" time="3.128"/>
  <system-out/>
  <testcase classname="com.psl.OpenCart.Tests.MainTestcasesFinal" name="rewardPoints" time="3.407"/>
  <system-out/>
  <testcase classname="com.psl.OpenCart.Tests.MainTestcasesFinal" name="returnRequest" time="1.575"/>
  <system-out/>
  <testcase classname="com.psl.OpenCart.Tests.MainTestcasesFinal" name="SearchButtonClickable" time="5.200"/>
  <system-out/>
  <testcase classname="com.psl.OpenCart.Tests.MainTestcasesFinal" name="CategoryIdSelected" time="0.354"/>
  <system-out/>
  <testcase classname="com.psl.OpenCart.Tests.MainTestcasesFinal" name="SubCategoryEnable" time="5.210"/>
  <system-out/>
  <testcase classname="com.psl.OpenCart.Tests.MainTestcasesFinal" name="openDesktopModule" time="2.668"/>
  <system-out/>
  <testcase classname="com.psl.OpenCart.Tests.MainTestcasesFinal" name="sortProductByPrice" time="1.867"/>
  <system-out/>
  <testcase classname="com.psl.OpenCart.Tests.MainTestcasesFinal" name="ShowingByList" time="2.084"/>
  <system-out/>
  <testcase classname="com.psl.OpenCart.Tests.MainTestcasesFinal" name="selectProduct" time="5.666"/>
  <system-out/>
  <testcase classname="com.psl.OpenCart.Tests.MainTestcasesFinal" name="addToWishlist" time="0.125"/>
  <system-out/>
  <testcase classname="com.psl.OpenCart.Tests.MainTestcasesFinal" name="addToCart" time="0.466"/>
  <system-out/>
  <testcase classname="com.psl.OpenCart.Tests.MainTestcasesFinal" name="removeFromWishlist" time="2.981"/>
  <system-out/>
  <testcase classname="com.psl.OpenCart.Tests.MainTestcasesFinal" name="Mp3FunctionButtonTest" time="7.733"/>
  <system-out/>
  <testcase classname="com.psl.OpenCart.Tests.MainTestcasesFinal" name="verifyPhonesAndPDAsModuleInHomePage" time="2.052"/>
  <system-out/>
  <testcase classname="com.psl.OpenCart.Tests.MainTestcasesFinal" name="verifyPhonesAndPDAsIsClickable" time="3.998"/>
  <system-out/>
  <testcase classname="com.psl.OpenCart.Tests.MainTestcasesFinal" name="addingToCart" time="17.022"/>
  <system-out/>
  <testcase classname="com.psl.OpenCart.Tests.MainTestcasesFinal" name="checkout" time="0.047">
    <error message="invalid selector: Unable to locate an element with the xpath expression //*[@id=\&quot;top-links\&quot;]/ul/li[5]/a/span because of the following error:
SyntaxError: Failed to execute &#039;evaluate&#039; on &#039;Document&#039;: The string &#039;//*[@id=\&quot;top-links\&quot;]/ul/li[5]/a/span&#039; is not a valid XPath expression.
  (Session info: chrome=97.0.4692.71)
For documentation on this error, please visit: https://www.seleniumhq.org/exceptions/invalid_selector_exception.html
Build info: version: &#039;3.141.59&#039;, revision: &#039;e82be7d358&#039;, time: &#039;2018-11-14T08:17:03&#039;
System info: host: &#039;ARPGL007193&#039;, ip: &#039;192.168.0.102&#039;, os.name: &#039;Windows 10&#039;, os.arch: &#039;amd64&#039;, os.version: &#039;10.0&#039;, java.version: &#039;17.0.1&#039;
Driver info: org.openqa.selenium.chrome.ChromeDriver
Capabilities {acceptInsecureCerts: false, browserName: chrome, browserVersion: 97.0.4692.71, chrome: {chromedriverVersion: 97.0.4692.71 (adefa7837d02a..., userDataDir: C:\Users\TEJAL_~1\AppData\L...}, goog:chromeOptions: {debuggerAddress: localhost:52250}, javascriptEnabled: true, networkConnectionEnabled: false, pageLoadStrategy: normal, platform: WINDOWS, platformName: WINDOWS, proxy: Proxy(), setWindowRect: true, strictFileInteractability: false, timeouts: {implicit: 0, pageLoad: 300000, script: 30000}, unhandledPromptBehavior: dismiss and notify, webauthn:extension:credBlob: true, webauthn:extension:largeBlob: true, webauthn:virtualAuthenticators: true}
Session ID: 600bf1116e5cb53e1ccf397a00d7b26c
*** Element info: {Using=xpath, value=//*[@id=\&quot;top-links\&quot;]/ul/li[5]/a/span}" type="org.openqa.selenium.InvalidSelectorException">
      <![CDATA[org.openqa.selenium.InvalidSelectorException: invalid selector: Unable to locate an element with the xpath expression //*[@id=\"top-links\"]/ul/li[5]/a/span because of the following error:
SyntaxError: Failed to execute 'evaluate' on 'Document': The string '//*[@id=\"top-links\"]/ul/li[5]/a/span' is not a valid XPath expression.
  (Session info: chrome=97.0.4692.71)
For documentation on this error, please visit: https://www.seleniumhq.org/exceptions/invalid_selector_exception.html
Build info: version: '3.141.59', revision: 'e82be7d358', time: '2018-11-14T08:17:03'
System info: host: 'ARPGL007193', ip: '192.168.0.102', os.name: 'Windows 10', os.arch: 'amd64', os.version: '10.0', java.version: '17.0.1'
Driver info: org.openqa.selenium.chrome.ChromeDriver
Capabilities {acceptInsecureCerts: false, browserName: chrome, browserVersion: 97.0.4692.71, chrome: {chromedriverVersion: 97.0.4692.71 (adefa7837d02a..., userDataDir: C:\Users\TEJAL_~1\AppData\L...}, goog:chromeOptions: {debuggerAddress: localhost:52250}, javascriptEnabled: true, networkConnectionEnabled: false, pageLoadStrategy: normal, platform: WINDOWS, platformName: WINDOWS, proxy: Proxy(), setWindowRect: true, strictFileInteractability: false, timeouts: {implicit: 0, pageLoad: 300000, script: 30000}, unhandledPromptBehavior: dismiss and notify, webauthn:extension:credBlob: true, webauthn:extension:largeBlob: true, webauthn:virtualAuthenticators: true}
Session ID: 600bf1116e5cb53e1ccf397a00d7b26c
*** Element info: {Using=xpath, value=//*[@id=\"top-links\"]/ul/li[5]/a/span}
at java.base/jdk.internal.reflect.NativeConstructorAccessorImpl.newInstance0(Native Method)
at java.base/jdk.internal.reflect.NativeConstructorAccessorImpl.newInstance(NativeConstructorAccessorImpl.java:77)
at java.base/jdk.internal.reflect.DelegatingConstructorAccessorImpl.newInstance(DelegatingConstructorAccessorImpl.java:45)
at java.base/java.lang.reflect.Constructor.newInstanceWithCaller(Constructor.java:499)
at java.base/java.lang.reflect.Constructor.newInstance(Constructor.java:480)
at org.openqa.selenium.remote.http.W3CHttpResponseCodec.createException(W3CHttpResponseCodec.java:187)
at org.openqa.selenium.remote.http.W3CHttpResponseCodec.decode(W3CHttpResponseCodec.java:122)
at org.openqa.selenium.remote.http.W3CHttpResponseCodec.decode(W3CHttpResponseCodec.java:49)
at org.openqa.selenium.remote.HttpCommandExecutor.execute(HttpCommandExecutor.java:158)
at org.openqa.selenium.remote.service.DriverCommandExecutor.execute(DriverCommandExecutor.java:83)
at org.openqa.selenium.remote.RemoteWebDriver.execute(RemoteWebDriver.java:552)
at org.openqa.selenium.remote.RemoteWebDriver.findElement(RemoteWebDriver.java:323)
at org.openqa.selenium.remote.RemoteWebDriver.findElementByXPath(RemoteWebDriver.java:428)
at org.openqa.selenium.By$ByXPath.findElement(By.java:353)
at org.openqa.selenium.remote.RemoteWebDriver.findElement(RemoteWebDriver.java:315)
at com.psl.OpenCart.Tests.MainTestcasesFinal.checkout(MainTestcasesFinal.java:524)
at java.base/jdk.internal.reflect.NativeMethodAccessorImpl.invoke0(Native Method)
at java.base/jdk.internal.reflect.NativeMethodAccessorImpl.invoke(NativeMethodAccessorImpl.java:77)
at java.base/jdk.internal.reflect.DelegatingMethodAccessorImpl.invoke(DelegatingMethodAccessorImpl.java:43)
at java.base/java.lang.reflect.Method.invoke(Method.java:568)
at org.testng.internal.MethodInvocationHelper.invokeMethod(MethodInvocationHelper.java:133)
at org.testng.internal.TestInvoker.invokeMethod(TestInvoker.java:598)
at org.testng.internal.TestInvoker.invokeTestMethod(TestInvoker.java:173)
at org.testng.internal.MethodRunner.runInSequence(MethodRunner.java:46)
at org.testng.internal.TestInvoker$MethodInvocationAgent.invoke(TestInvoker.java:824)
at org.testng.internal.TestInvoker.invokeTestMethods(TestInvoker.java:146)
at org.testng.internal.TestMethodWorker.invokeTestMethods(TestMethodWorker.java:146)
at org.testng.internal.TestMethodWorker.run(TestMethodWorker.java:128)
at java.base/java.util.ArrayList.forEach(ArrayList.java:1511)
at org.testng.TestRunner.privateRun(TestRunner.java:794)
at org.testng.TestRunner.run(TestRunner.java:596)
at org.testng.SuiteRunner.runTest(SuiteRunner.java:377)
at org.testng.SuiteRunner.runSequentially(SuiteRunner.java:371)
at org.testng.SuiteRunner.privateRun(SuiteRunner.java:332)
at org.testng.SuiteRunner.run(SuiteRunner.java:276)
at org.testng.SuiteRunnerWorker.runSuite(SuiteRunnerWorker.java:53)
at org.testng.SuiteRunnerWorker.run(SuiteRunnerWorker.java:96)
at org.testng.TestNG.runSuitesSequentially(TestNG.java:1212)
at org.testng.TestNG.runSuitesLocally(TestNG.java:1134)
at org.testng.TestNG.runSuites(TestNG.java:1063)
at org.testng.TestNG.run(TestNG.java:1031)
at org.testng.remote.AbstractRemoteTestNG.run(AbstractRemoteTestNG.java:115)
at org.testng.remote.RemoteTestNG.initAndRun(RemoteTestNG.java:251)
at org.testng.remote.RemoteTestNG.main(RemoteTestNG.java:77)
]]>
    </error>
  </testcase> <!-- checkout -->
  <system-out/>
  <testcase classname="com.psl.OpenCart.Tests.MainTestcasesFinal" name="LogoutFunctionTest" time="2.120"/>
  <system-out/>
</testsuite> <!-- com.psl.OpenCart.Tests.MainTestcasesFinal -->
